This is pdfTeX, Version 3.141592653-2.6-1.40.29 (TeX Live 2026) (preloaded format=pdflatex 2026.6.17)  17 JUN 2026 18:20
entering extended mode
 \write18 enabled.
 %&-line parsing enabled.
**main.tex
(./main.tex
LaTeX2e <2025-11-01>
L3 programming layer <2026-05-15>
(/Users/galdon/Library/TinyTeX/texmf-dist/tex/latex/nag/nag.sty
Package: nag 2011/11/25 0.7 warning about old commands (ulmi)
\c@nag@c=\count276
\c@nag@sins=\count277
Package nag Info: Loaded nag-l2tabu.cfg  on input line 552.
 (/Users/galdon/Library/TinyTeX/texmf-dist/tex/latex/nag/nag-l2tabu.cfg
File: nag-l2tabu.cfg 2010/05/17 v2.11 l2tabu rules for nag.sty (ulmi)
)
Package nag Info: Loaded nag-orthodox.cfg  on input line 552.
 (/Users/galdon/Library/TinyTeX/texmf-dist/tex/latex/nag/nag-orthodox.cfg
File: nag-orthodox.cfg 2006/04/19 v1.8 strict rules for nag.sty (ulmi)
)) (/Users/galdon/Library/TinyTeX/texmf-dist/tex/latex/koma-script/scrbook.cls
Document Class: scrbook 2026/02/02 v3.49.2 KOMA-Script document class (book)
(/Users/galdon/Library/TinyTeX/texmf-dist/tex/latex/koma-script/scrkbase.sty
Package: scrkbase 2026/02/02 v3.49.2 KOMA-Script package (KOMA-Script-dependent basics and keyval usage)
 (/Users/galdon/Library/TinyTeX/texmf-dist/tex/latex/koma-script/scrbase.sty
Package: scrbase 2026/02/02 v3.49.2 KOMA-Script package (KOMA-Script-independent basics and keyval usage)
 (/Users/galdon/Library/TinyTeX/texmf-dist/tex/latex/koma-script/scrlfile.sty
Package: scrlfile 2026/02/02 v3.49.2 KOMA-Script package (file load hooks)
 (/Users/galdon/Library/TinyTeX/texmf-dist/tex/latex/koma-script/scrlfile-hook.sty
Package: scrlfile-hook 2026/02/02 v3.49.2 KOMA-Script package (using LaTeX hooks)
 (/Users/galdon/Library/TinyTeX/texmf-dist/tex/latex/koma-script/scrlogo.sty
Package: scrlogo 2026/02/02 v3.49.2 KOMA-Script package (logo)
))) (/Users/galdon/Library/TinyTeX/texmf-dist/tex/latex/graphics/keyval.sty
Package: keyval 2022/05/29 v1.15 key=value parser (DPC)
\KV@toks@=\toks17
)
Applying: [2021/05/01] Usage of raw or classic option list on input line 254.
Already applied: [0000/00/00] Usage of raw or classic option list on input line 370.
)) (/Users/galdon/Library/TinyTeX/texmf-dist/tex/latex/koma-script/tocbasic.sty
Package: tocbasic 2026/02/02 v3.49.2 KOMA-Script package (handling toc-files)
\scr@dte@tocline@numberwidth=\skip49
\scr@dte@tocline@numbox=\box53
)
Package tocbasic Info: omitting babel extension for `toc'
(tocbasic)             because of feature `nobabel' available
(tocbasic)             for `toc' on input line 143.
Class scrbook Info: File `scrsize12pt.clo' used to setup font sizes on input line 2713.
 (/Users/galdon/Library/TinyTeX/texmf-dist/tex/latex/koma-script/scrsize12pt.clo
File: scrsize12pt.clo 2026/02/02 v3.49.2 KOMA-Script font size class option (12pt)
) (/Users/galdon/Library/TinyTeX/texmf-dist/tex/latex/koma-script/typearea.sty
Package: typearea 2026/02/02 v3.49.2 KOMA-Script package (type area)
\ta@bcor=\skip50
\ta@div=\count278
\ta@hblk=\skip51
\ta@vblk=\skip52
\ta@temp=\skip53
\footheight=\skip54
Package typearea Info: These are the values describing the layout:
(typearea)             DIV  = 15
(typearea)             BCOR = 34.1433pt
(typearea)             \paperwidth      = 597.50793pt
(typearea)              \textwidth      = 450.69174pt
(typearea)              DIV departure   = -7%
(typearea)              \evensidemargin = 2.84528pt
(typearea)              \oddsidemargin  = -0.56906pt
(typearea)             \paperheight     = 845.04694pt
(typearea)              \textheight     = 650.0pt
(typearea)              \topmargin      = -15.93353pt
(typearea)              \headheight     = 18.125pt
(typearea)              \headsep        = 21.75pt
(typearea)              \topskip        = 12.0pt
(typearea)              \footskip       = 50.75pt
(typearea)              \baselineskip   = 14.5pt
(typearea)              on input line 1810.
)
\c@part=\count279
\c@chapter=\count280
\c@section=\count281
\c@subsection=\count282
\c@subsubsection=\count283
\c@paragraph=\count284
\c@subparagraph=\count285
\scr@dte@chapter@maxnumwidth=\skip55
Class scrbook Info: using compatibility default `afterindent=bysign'
(scrbook)           for `\chapter on input line 5945.
\scr@dte@section@maxnumwidth=\skip56
Class scrbook Info: using compatibility default `runin=bysign'
(scrbook)           for `\section on input line 5956.
Class scrbook Info: using compatibility default `afterindent=bysign'
(scrbook)           for `\section on input line 5956.
\scr@dte@part@maxnumwidth=\skip57
Class scrbook Info: using compatibility default `afterindent=true'
(scrbook)           for `\part on input line 5965.
\scr@dte@subsection@maxnumwidth=\skip58
Class scrbook Info: using compatibility default `runin=bysign'
(scrbook)           for `\subsection on input line 5975.
Class scrbook Info: using compatibility default `afterindent=bysign'
(scrbook)           for `\subsection on input line 5975.
\scr@dte@subsubsection@maxnumwidth=\skip59
Class scrbook Info: using compatibility default `runin=bysign'
(scrbook)           for `\subsubsection on input line 5985.
Class scrbook Info: using compatibility default `afterindent=bysign'
(scrbook)           for `\subsubsection on input line 5985.
\scr@dte@paragraph@maxnumwidth=\skip60
Class scrbook Info: using compatibility default `runin=bysign'
(scrbook)           for `\paragraph on input line 5996.
Class scrbook Info: using compatibility default `afterindent=bysign'
(scrbook)           for `\paragraph on input line 5996.
\scr@dte@subparagraph@maxnumwidth=\skip61
Class scrbook Info: using compatibility default `runin=bysign'
(scrbook)           for `\subparagraph on input line 6006.
Class scrbook Info: using compatibility default `afterindent=bysign'
(scrbook)           for `\subparagraph on input line 6006.
\abovecaptionskip=\skip62
\belowcaptionskip=\skip63
\c@pti@nb@sid@b@x=\box54
Package tocbasic Info: omitting babel extension for `lof'
(tocbasic)             because of feature `nobabel' available
(tocbasic)             for `lof' on input line 7242.
\scr@dte@figure@maxnumwidth=\skip64
\c@figure=\count286
Package tocbasic Info: omitting babel extension for `lot'
(tocbasic)             because of feature `nobabel' available
(tocbasic)             for `lot' on input line 7255.
\scr@dte@table@maxnumwidth=\skip65
\c@table=\count287
Class scrbook Info: Redefining `\numberline' on input line 7426.
\bibindent=\dimen150
) (/Users/galdon/Library/TinyTeX/texmf-dist/tex/latex/caption/subcaption.sty
Package: subcaption 2023/07/28 v1.6b Sub-captions (AR)
 (/Users/galdon/Library/TinyTeX/texmf-dist/tex/latex/caption/caption.sty
Package: caption 2023/08/05 v3.6o Customizing captions (AR)

Package tocbasic Info: Loading of class-dependent code for package caption3
(tocbasic)             prevented on line 50.

 (/Users/galdon/Library/TinyTeX/texmf-dist/tex/latex/caption/caption3.sty
Package: caption3 2023/07/31 v2.4d caption3 kernel (AR)
\caption@tempdima=\dimen151
\captionmargin=\dimen152
\caption@leftmargin=\dimen153
\caption@rightmargin=\dimen154
\caption@width=\dimen155
\caption@indent=\dimen156
\caption@parindent=\dimen157
\caption@hangindent=\dimen158
)
\c@caption@flags=\count288
\c@continuedfloat=\count289
)
Package caption Info: New subtype `subfigure' on input line 238.
\c@subfigure=\count290
Package caption Info: New subtype `subtable' on input line 238.
\c@subtable=\count291
) (/Users/galdon/Library/TinyTeX/texmf-dist/tex/latex/multirow/multirow.sty
Package: multirow 2024/11/12 v2.9 Span multiple rows of a table
\multirow@colwidth=\skip66
\multirow@cntb=\count292
\multirow@dima=\skip67
\bigstrutjot=\dimen159
) (/Users/galdon/Library/TinyTeX/texmf-dist/tex/latex/xcolor/xcolor.sty
Package: xcolor 2024/09/29 v3.02 LaTeX color extensions (UK)
 (/Users/galdon/Library/TinyTeX/texmf-dist/tex/latex/graphics-cfg/color.cfg
File: color.cfg 2016/01/02 v1.6 sample color configuration
)
Package xcolor Info: Driver file: pdftex.def on input line 274.
 (/Users/galdon/Library/TinyTeX/texmf-dist/tex/latex/graphics-def/pdftex.def
File: pdftex.def 2025/09/29 v1.2d Graphics/color driver for pdftex
) (/Users/galdon/Library/TinyTeX/texmf-dist/tex/latex/graphics/mathcolor.ltx)
Package xcolor Info: Model `cmy' substituted by `cmy0' on input line 1349.
Package xcolor Info: Model `hsb' substituted by `rgb' on input line 1353.
Package xcolor Info: Model `RGB' extended on input line 1365.
Package xcolor Info: Model `HTML' substituted by `rgb' on input line 1367.
Package xcolor Info: Model `Hsb' substituted by `hsb' on input line 1368.
Package xcolor Info: Model `tHsb' substituted by `hsb' on input line 1369.
Package xcolor Info: Model `HSB' substituted by `hsb' on input line 1370.
Package xcolor Info: Model `Gray' substituted by `gray' on input line 1371.
Package xcolor Info: Model `wave' substituted by `hsb' on input line 1372.
) (/Users/galdon/Library/TinyTeX/texmf-dist/tex/latex/colortbl/colortbl.sty
Package: colortbl 2026/05/01 v1.0l Color table columns (DPC)
 (/Users/galdon/Library/TinyTeX/texmf-dist/tex/latex/tools/array.sty
Package: array 2025/09/25 v2.6n Tabular extension package (FMi)
\col@sep=\dimen160
\ar@mcellbox=\box55
\extrarowheight=\dimen161
\NC@list=\toks18
\extratabsurround=\skip68
\backup@length=\skip69
\ar@cellbox=\box56
)
\everycr=\toks19
\minrowclearance=\skip70
\rownum=\count293
) (./settings.tex (/Users/galdon/Library/TinyTeX/texmf-dist/tex/latex/base/inputenc.sty
Package: inputenc 2024/02/08 v1.3d Input encoding file
\inpenc@prehook=\toks20
\inpenc@posthook=\toks21
) (/Users/galdon/Library/TinyTeX/texmf-dist/tex/latex/base/fontenc.sty
Package: fontenc 2025/07/18 v2.1d Standard LaTeX package
) (/Users/galdon/Library/TinyTeX/texmf-dist/tex/latex/psnfss/mathpazo.sty
Package: mathpazo 2020/03/25 PSNFSS-v9.3 Palatino w/ Pazo Math (D.Puga, WaS) 
\symupright=\mathgroup4
) (/Users/galdon/Library/TinyTeX/texmf-dist/tex/generic/babel/babel.sty
Package: babel 2026/05/20 v26.8 The multilingual framework for LuaLaTeX, pdfLaTeX and XeLaTeX
\babel@savecnt=\count294
LaTeX Encoding Info:    Redeclaring text command \ij (encoding OT1) on input line 2084.
LaTeX Encoding Info:    Redeclaring text command \IJ (encoding OT1) on input line 2086.
LaTeX Encoding Info:    Redeclaring text command \ij (encoding T1) on input line 2088.
LaTeX Encoding Info:    Redeclaring text command \IJ (encoding T1) on input line 2089.
LaTeX Encoding Info:    Ignoring declaration for text command \ij (encoding ?) on input line 2090.
LaTeX Encoding Info:    Ignoring declaration for text command \IJ (encoding ?) on input line 2092.
LaTeX Encoding Info:    Ignoring declaration for text command \SS (encoding ?) on input line 2117.
\U@D=\dimen162
\l@unhyphenated=\language8
 (/Users/galdon/Library/TinyTeX/texmf-dist/tex/generic/babel/txtbabel.def)
\bbl@readstream=\read2
\bbl@dirlevel=\count295
 (/Users/galdon/Library/TinyTeX/texmf-dist/tex/generic/babel/locale/invalid/babel-ngerman.tex) (/Users/galdon/Library/TinyTeX/texmf-dist/tex/generic/babel/locale/en/babel-english.tex)
Package babel Info: Importing font and identification data for ngerman
(babel)             from babel-de.ini. Reported on input line 4356.
 (/Users/galdon/Library/TinyTeX/texmf-dist/tex/generic/babel-german/ngerman.ldf
Language: ngerman 
 (/Users/galdon/Library/TinyTeX/texmf-dist/tex/generic/babel-german/babel-german.def
Package babel Info: Making " an active character on input line 500.
))
Package babel Info: Importing font and identification data for english
(babel)             from babel-en.ini. Reported on input line 4356.
 (/Users/galdon/Library/TinyTeX/texmf-dist/tex/generic/babel-english/english.ldf
Language: english 2017/06/06 v3.3r English support from the babel system
Package babel Info: Hyphen rules for 'canadian' set to \l@english
(babel)             (\language0). Reported on input line 102.
Package babel Info: Hyphen rules for 'australian' set to \l@ukenglish
(babel)             (\language3). Reported on input line 105.
Package babel Info: Hyphen rules for 'newzealand' set to \l@ukenglish
(babel)             (\language3). Reported on input line 108.
)) (/Users/galdon/Library/TinyTeX/texmf-dist/tex/latex/csquotes/csquotes.sty
Package: csquotes 2026-05-19 v5.2p context-sensitive quotations (JAW)
 (/Users/galdon/Library/TinyTeX/texmf-dist/tex/latex/etoolbox/etoolbox.sty
Package: etoolbox 2025/10/02 v2.5m e-TeX tools for LaTeX (JAW)
\etb@tempcnta=\count296
)
\csq@reset=\count297
\csq@gtype=\count298
\csq@glevel=\count299
\csq@qlevel=\count300
\csq@maxlvl=\count301
\csq@tshold=\count302
\csq@ltx@everypar=\toks22
 (/Users/galdon/Library/TinyTeX/texmf-dist/tex/latex/csquotes/csquotes.def
File: csquotes.def 2026-05-19 v5.2p csquotes generic definitions (JAW)
)
Package csquotes Info: Trying to load configuration file 'csquotes.cfg'...
Package csquotes Info: ... configuration file loaded successfully.
 (/Users/galdon/Library/TinyTeX/texmf-dist/tex/latex/csquotes/csquotes.cfg
File: csquotes.cfg 
)
Package csquotes Info: Enabling multilingual quotes.
) (/Users/galdon/Library/TinyTeX/texmf-dist/tex/latex/datetime2/datetime2.sty
Package: datetime2 2021/03/21 v1.5.7 (NLCT) date and time formats
 (/Users/galdon/Library/TinyTeX/texmf-dist/tex/latex/tracklang/tracklang.sty
Package: tracklang 2026/05/24 v1.6.8 (NLCT) Track Languages
 (/Users/galdon/Library/TinyTeX/texmf-dist/tex/generic/tracklang/tracklang.tex)
Package tracklang Info: Tracking dialect `ngerman' (language `german') on input line 264.
Package tracklang Info: Tracking dialect `english' (language `english') on input line 264.
Package tracklang Info: Tracking dialect `english' (language `english') on input line 264.
Package tracklang Info: Tracking dialect `ngerman' (language `german') on input line 264.
) (/Users/galdon/Library/TinyTeX/texmf-dist/tex/latex/xkeyval/xkeyval.sty
Package: xkeyval 2025/11/04 v2.10 package option processing (HA)
 (/Users/galdon/Library/TinyTeX/texmf-dist/tex/generic/xkeyval/xkeyval.tex (/Users/galdon/Library/TinyTeX/texmf-dist/tex/generic/xkeyval/xkvutils.tex
\XKV@toks=\toks23
\XKV@tempa@toks=\toks24
\XKV@tempb@toks=\toks25
)
\XKV@depth=\count303
File: xkeyval.tex 2014/12/03 v2.7a key=value parser (HA)
))

Package datetime2 Warning: Date-Time Language Module `ngerman' not installed on input line 1913.


Package datetime2 Warning: Date-Time Language Module `english' not installed on input line 1913.

) (/Users/galdon/Library/TinyTeX/texmf-dist/tex/latex/adjustbox/adjustbox.sty
Package: adjustbox 2025/02/26 v1.3c Adjusting TeX boxes (trim, clip, ...)
 (/Users/galdon/Library/TinyTeX/texmf-dist/tex/latex/adjustbox/adjcalc.sty
Package: adjcalc 2012/05/16 v1.1 Provides advanced setlength with multiple back-ends (calc, etex, pgfmath)
) (/Users/galdon/Library/TinyTeX/texmf-dist/tex/latex/adjustbox/trimclip.sty
Package: trimclip 2025/02/21 v1.2a Trim and clip general TeX material
 (/Users/galdon/Library/TinyTeX/texmf-dist/tex/latex/graphics/graphicx.sty
Package: graphicx 2024/12/31 v1.2e Enhanced LaTeX Graphics (DPC,SPQR)
 (/Users/galdon/Library/TinyTeX/texmf-dist/tex/latex/graphics/graphics.sty
Package: graphics 2024/08/06 v1.4g Standard LaTeX Graphics (DPC,SPQR)
 (/Users/galdon/Library/TinyTeX/texmf-dist/tex/latex/graphics/trig.sty
Package: trig 2023/12/02 v1.11 sin cos tan (DPC)
) (/Users/galdon/Library/TinyTeX/texmf-dist/tex/latex/graphics-cfg/graphics.cfg
File: graphics.cfg 2016/06/04 v1.11 sample graphics configuration
)
Package graphics Info: Driver file: pdftex.def on input line 106.
)
\Gin@req@height=\dimen163
\Gin@req@width=\dimen164
) (/Users/galdon/Library/TinyTeX/texmf-dist/tex/latex/collectbox/collectbox.sty
Package: collectbox 2022/10/17 v0.4c Collect macro arguments as boxes
\collectedbox=\box57
)
\tc@llx=\dimen165
\tc@lly=\dimen166
\tc@urx=\dimen167
\tc@ury=\dimen168
Package trimclip Info: Using driver 'tc-pdftex.def'.
 (/Users/galdon/Library/TinyTeX/texmf-dist/tex/latex/adjustbox/tc-pdftex.def
File: tc-pdftex.def 2025/02/26 v2.3 Clipping driver for pdftex
))
\adjbox@Width=\dimen169
\adjbox@Height=\dimen170
\adjbox@Depth=\dimen171
\adjbox@Totalheight=\dimen172
\adjbox@pwidth=\dimen173
\adjbox@pheight=\dimen174
\adjbox@pdepth=\dimen175
\adjbox@ptotalheight=\dimen176
) (/Users/galdon/Library/TinyTeX/texmf-dist/tex/latex/scrhack/scrhack.sty
Package: scrhack 2024-09-04 v3.42 scrhack emulation package
) (/Users/galdon/Library/TinyTeX/texmf-dist/tex/latex/listings/listings.sty
\lst@mode=\count304
\lst@gtempboxa=\box58
\lst@token=\toks26
\lst@length=\count305
\lst@currlwidth=\dimen177
\lst@column=\count306
\lst@pos=\count307
\lst@lostspace=\dimen178
\lst@width=\dimen179
\lst@newlines=\count308
\lst@lineno=\count309
\lst@maxwidth=\dimen180
 (/Users/galdon/Library/TinyTeX/texmf-dist/tex/latex/listings/lstpatch.sty
File: lstpatch.sty 2025/11/14 1.11b (Carsten Heinz)
) (/Users/galdon/Library/TinyTeX/texmf-dist/tex/latex/listings/lstmisc.sty
File: lstmisc.sty 2025/11/14 1.11b (Carsten Heinz)
\c@lstnumber=\count310
\lst@skipnumbers=\count311
\lst@framebox=\box59
) (/Users/galdon/Library/TinyTeX/texmf-dist/tex/latex/listings/listings.cfg
File: listings.cfg 2025/11/14 1.11b listings configuration
))
Package: listings 2025/11/14 1.11b (Carsten Heinz)

==> First Aid for listings.sty no longer applied!
    Expected:
        2024/09/23 1.10c (Carsten Heinz)
    but found:
        2025/11/14 1.11b (Carsten Heinz)
    so I'm assuming it got fixed.
(/Users/galdon/Library/TinyTeX/texmf-dist/tex/latex/lstaddons/lstautogobble.sty
Package: lstautogobble 2012/05/03 v0.1 Implements 'autogobble' option for 'listings'
\lstag@spacecount=\count312
) (/Users/galdon/Library/TinyTeX/texmf-dist/tex/latex/pgf/frontendlayer/tikz.sty (/Users/galdon/Library/TinyTeX/texmf-dist/tex/latex/pgf/basiclayer/pgf.sty (/Users/galdon/Library/TinyTeX/texmf-dist/tex/latex/pgf/utilities/pgfrcs.sty (/Users/galdon/Library/TinyTeX/texmf-dist/tex/generic/pgf/utilities/pgfutil-common.tex
\pgfutil@everybye=\toks27
\pgfutil@tempdima=\dimen181
\pgfutil@tempdimb=\dimen182
) (/Users/galdon/Library/TinyTeX/texmf-dist/tex/generic/pgf/utilities/pgfutil-latex.def
\pgfutil@abb=\box60
) (/Users/galdon/Library/TinyTeX/texmf-dist/tex/generic/pgf/utilities/pgfrcs.code.tex (/Users/galdon/Library/TinyTeX/texmf-dist/tex/generic/pgf/pgf.revision.tex)
Package: pgfrcs 2025-08-29 v3.1.11a (3.1.11a)
))
Package: pgf 2025-08-29 v3.1.11a (3.1.11a)
 (/Users/galdon/Library/TinyTeX/texmf-dist/tex/latex/pgf/basiclayer/pgfcore.sty (/Users/galdon/Library/TinyTeX/texmf-dist/tex/latex/pgf/systemlayer/pgfsys.sty (/Users/galdon/Library/TinyTeX/texmf-dist/tex/generic/pgf/systemlayer/pgfsys.code.tex
Package: pgfsys 2025-08-29 v3.1.11a (3.1.11a)
 (/Users/galdon/Library/TinyTeX/texmf-dist/tex/generic/pgf/utilities/pgfkeys.code.tex
\pgfkeys@pathtoks=\toks28
\pgfkeys@temptoks=\toks29
 (/Users/galdon/Library/TinyTeX/texmf-dist/tex/generic/pgf/utilities/pgfkeyslibraryfiltered.code.tex
\pgfkeys@tmptoks=\toks30
))
\pgf@x=\dimen183
\pgf@y=\dimen184
\pgf@xa=\dimen185
\pgf@ya=\dimen186
\pgf@xb=\dimen187
\pgf@yb=\dimen188
\pgf@xc=\dimen189
\pgf@yc=\dimen190
\pgf@xd=\dimen191
\pgf@yd=\dimen192
\w@pgf@writea=\write3
\r@pgf@reada=\read3
\c@pgf@counta=\count313
\c@pgf@countb=\count314
\c@pgf@countc=\count315
\c@pgf@countd=\count316
\t@pgf@toka=\toks31
\t@pgf@tokb=\toks32
\t@pgf@tokc=\toks33
\pgf@sys@id@count=\count317
 (/Users/galdon/Library/TinyTeX/texmf-dist/tex/generic/pgf/systemlayer/pgf.cfg
File: pgf.cfg 2025-08-29 v3.1.11a (3.1.11a)
)
Driver file for pgf: pgfsys-pdftex.def
 (/Users/galdon/Library/TinyTeX/texmf-dist/tex/generic/pgf/systemlayer/pgfsys-pdftex.def
File: pgfsys-pdftex.def 2025-08-29 v3.1.11a (3.1.11a)
 (/Users/galdon/Library/TinyTeX/texmf-dist/tex/generic/pgf/systemlayer/pgfsys-common-pdf.def
File: pgfsys-common-pdf.def 2025-08-29 v3.1.11a (3.1.11a)
))) (/Users/galdon/Library/TinyTeX/texmf-dist/tex/generic/pgf/systemlayer/pgfsyssoftpath.code.tex
File: pgfsyssoftpath.code.tex 2025-08-29 v3.1.11a (3.1.11a)
\pgfsyssoftpath@smallbuffer@items=\count318
\pgfsyssoftpath@bigbuffer@items=\count319
) (/Users/galdon/Library/TinyTeX/texmf-dist/tex/generic/pgf/systemlayer/pgfsysprotocol.code.tex
File: pgfsysprotocol.code.tex 2025-08-29 v3.1.11a (3.1.11a)
)) (/Users/galdon/Library/TinyTeX/texmf-dist/tex/generic/pgf/basiclayer/pgfcore.code.tex
Package: pgfcore 2025-08-29 v3.1.11a (3.1.11a)
 (/Users/galdon/Library/TinyTeX/texmf-dist/tex/generic/pgf/math/pgfmath.code.tex (/Users/galdon/Library/TinyTeX/texmf-dist/tex/generic/pgf/math/pgfmathutil.code.tex) (/Users/galdon/Library/TinyTeX/texmf-dist/tex/generic/pgf/math/pgfmathparser.code.tex
\pgfmath@dimen=\dimen193
\pgfmath@count=\count320
\pgfmath@box=\box61
\pgfmath@toks=\toks34
\pgfmath@stack@operand=\toks35
\pgfmath@stack@operation=\toks36
) (/Users/galdon/Library/TinyTeX/texmf-dist/tex/generic/pgf/math/pgfmathfunctions.code.tex) (/Users/galdon/Library/TinyTeX/texmf-dist/tex/generic/pgf/math/pgfmathfunctions.basic.code.tex) (/Users/galdon/Library/TinyTeX/texmf-dist/tex/generic/pgf/math/pgfmathfunctions.trigonometric.code.tex) (/Users/galdon/Library/TinyTeX/texmf-dist/tex/generic/pgf/math/pgfmathfunctions.random.code.tex) (/Users/galdon/Library/TinyTeX/texmf-dist/tex/generic/pgf/math/pgfmathfunctions.comparison.code.tex) (/Users/galdon/Library/TinyTeX/texmf-dist/tex/generic/pgf/math/pgfmathfunctions.base.code.tex) (/Users/galdon/Library/TinyTeX/texmf-dist/tex/generic/pgf/math/pgfmathfunctions.round.code.tex) (/Users/galdon/Library/TinyTeX/texmf-dist/tex/generic/pgf/math/pgfmathfunctions.misc.code.tex) (/Users/galdon/Library/TinyTeX/texmf-dist/tex/generic/pgf/math/pgfmathfunctions.integerarithmetics.code.tex) (/Users/galdon/Library/TinyTeX/texmf-dist/tex/generic/pgf/math/pgfmathcalc.code.tex) (/Users/galdon/Library/TinyTeX/texmf-dist/tex/generic/pgf/math/pgfmathfloat.code.tex
\c@pgfmathroundto@lastzeros=\count321
)) (/Users/galdon/Library/TinyTeX/texmf-dist/tex/generic/pgf/math/pgfint.code.tex) (/Users/galdon/Library/TinyTeX/texmf-dist/tex/generic/pgf/basiclayer/pgfcorepoints.code.tex
File: pgfcorepoints.code.tex 2025-08-29 v3.1.11a (3.1.11a)
\pgf@picminx=\dimen194
\pgf@picmaxx=\dimen195
\pgf@picminy=\dimen196
\pgf@picmaxy=\dimen197
\pgf@pathminx=\dimen198
\pgf@pathmaxx=\dimen199
\pgf@pathminy=\dimen256
\pgf@pathmaxy=\dimen257
\pgf@xx=\dimen258
\pgf@xy=\dimen259
\pgf@yx=\dimen260
\pgf@yy=\dimen261
\pgf@zx=\dimen262
\pgf@zy=\dimen263
) (/Users/galdon/Library/TinyTeX/texmf-dist/tex/generic/pgf/basiclayer/pgfcorepathconstruct.code.tex
File: pgfcorepathconstruct.code.tex 2025-08-29 v3.1.11a (3.1.11a)
\pgf@path@lastx=\dimen264
\pgf@path@lasty=\dimen265
) (/Users/galdon/Library/TinyTeX/texmf-dist/tex/generic/pgf/basiclayer/pgfcorepathusage.code.tex
File: pgfcorepathusage.code.tex 2025-08-29 v3.1.11a (3.1.11a)
\pgf@shorten@end@additional=\dimen266
\pgf@shorten@start@additional=\dimen267
) (/Users/galdon/Library/TinyTeX/texmf-dist/tex/generic/pgf/basiclayer/pgfcorescopes.code.tex
File: pgfcorescopes.code.tex 2025-08-29 v3.1.11a (3.1.11a)
\pgfpic=\box62
\pgf@hbox=\box63
\pgf@layerbox@main=\box64
\pgf@picture@serial@count=\count322
) (/Users/galdon/Library/TinyTeX/texmf-dist/tex/generic/pgf/basiclayer/pgfcoregraphicstate.code.tex
File: pgfcoregraphicstate.code.tex 2025-08-29 v3.1.11a (3.1.11a)
\pgflinewidth=\dimen268
) (/Users/galdon/Library/TinyTeX/texmf-dist/tex/generic/pgf/basiclayer/pgfcoretransformations.code.tex
File: pgfcoretransformations.code.tex 2025-08-29 v3.1.11a (3.1.11a)
\pgf@pt@x=\dimen269
\pgf@pt@y=\dimen270
\pgf@pt@temp=\dimen271
) (/Users/galdon/Library/TinyTeX/texmf-dist/tex/generic/pgf/basiclayer/pgfcorequick.code.tex
File: pgfcorequick.code.tex 2025-08-29 v3.1.11a (3.1.11a)
) (/Users/galdon/Library/TinyTeX/texmf-dist/tex/generic/pgf/basiclayer/pgfcoreobjects.code.tex
File: pgfcoreobjects.code.tex 2025-08-29 v3.1.11a (3.1.11a)
) (/Users/galdon/Library/TinyTeX/texmf-dist/tex/generic/pgf/basiclayer/pgfcorepathprocessing.code.tex
File: pgfcorepathprocessing.code.tex 2025-08-29 v3.1.11a (3.1.11a)
) (/Users/galdon/Library/TinyTeX/texmf-dist/tex/generic/pgf/basiclayer/pgfcorearrows.code.tex
File: pgfcorearrows.code.tex 2025-08-29 v3.1.11a (3.1.11a)
\pgfarrowsep=\dimen272
) (/Users/galdon/Library/TinyTeX/texmf-dist/tex/generic/pgf/basiclayer/pgfcoreshade.code.tex
File: pgfcoreshade.code.tex 2025-08-29 v3.1.11a (3.1.11a)
\pgf@max=\dimen273
\pgf@sys@shading@range@num=\count323
\pgf@shadingcount=\count324
) (/Users/galdon/Library/TinyTeX/texmf-dist/tex/generic/pgf/basiclayer/pgfcoreimage.code.tex
File: pgfcoreimage.code.tex 2025-08-29 v3.1.11a (3.1.11a)
) (/Users/galdon/Library/TinyTeX/texmf-dist/tex/generic/pgf/basiclayer/pgfcoreexternal.code.tex
File: pgfcoreexternal.code.tex 2025-08-29 v3.1.11a (3.1.11a)
\pgfexternal@startupbox=\box65
) (/Users/galdon/Library/TinyTeX/texmf-dist/tex/generic/pgf/basiclayer/pgfcorelayers.code.tex
File: pgfcorelayers.code.tex 2025-08-29 v3.1.11a (3.1.11a)
) (/Users/galdon/Library/TinyTeX/texmf-dist/tex/generic/pgf/basiclayer/pgfcoretransparency.code.tex
File: pgfcoretransparency.code.tex 2025-08-29 v3.1.11a (3.1.11a)
) (/Users/galdon/Library/TinyTeX/texmf-dist/tex/generic/pgf/basiclayer/pgfcorepatterns.code.tex
File: pgfcorepatterns.code.tex 2025-08-29 v3.1.11a (3.1.11a)
) (/Users/galdon/Library/TinyTeX/texmf-dist/tex/generic/pgf/basiclayer/pgfcorerdf.code.tex
File: pgfcorerdf.code.tex 2025-08-29 v3.1.11a (3.1.11a)
))) (/Users/galdon/Library/TinyTeX/texmf-dist/tex/generic/pgf/modules/pgfmoduleshapes.code.tex
File: pgfmoduleshapes.code.tex 2025-08-29 v3.1.11a (3.1.11a)
\pgfnodeparttextbox=\box66
) (/Users/galdon/Library/TinyTeX/texmf-dist/tex/generic/pgf/modules/pgfmoduleplot.code.tex
File: pgfmoduleplot.code.tex 2025-08-29 v3.1.11a (3.1.11a)
) (/Users/galdon/Library/TinyTeX/texmf-dist/tex/latex/pgf/compatibility/pgfcomp-version-0-65.sty
Package: pgfcomp-version-0-65 2025-08-29 v3.1.11a (3.1.11a)
\pgf@nodesepstart=\dimen274
\pgf@nodesepend=\dimen275
) (/Users/galdon/Library/TinyTeX/texmf-dist/tex/latex/pgf/compatibility/pgfcomp-version-1-18.sty
Package: pgfcomp-version-1-18 2025-08-29 v3.1.11a (3.1.11a)
)) (/Users/galdon/Library/TinyTeX/texmf-dist/tex/latex/pgf/utilities/pgffor.sty (/Users/galdon/Library/TinyTeX/texmf-dist/tex/latex/pgf/utilities/pgfkeys.sty (/Users/galdon/Library/TinyTeX/texmf-dist/tex/generic/pgf/utilities/pgfkeys.code.tex)) (/Users/galdon/Library/TinyTeX/texmf-dist/tex/latex/pgf/math/pgfmath.sty (/Users/galdon/Library/TinyTeX/texmf-dist/tex/generic/pgf/math/pgfmath.code.tex)) (/Users/galdon/Library/TinyTeX/texmf-dist/tex/generic/pgf/utilities/pgffor.code.tex
Package: pgffor 2025-08-29 v3.1.11a (3.1.11a)
\pgffor@iter=\dimen276
\pgffor@skip=\dimen277
\pgffor@stack=\toks37
\pgffor@toks=\toks38
)) (/Users/galdon/Library/TinyTeX/texmf-dist/tex/generic/pgf/frontendlayer/tikz/tikz.code.tex
Package: tikz 2025-08-29 v3.1.11a (3.1.11a)
 (/Users/galdon/Library/TinyTeX/texmf-dist/tex/generic/pgf/libraries/pgflibraryplothandlers.code.tex
File: pgflibraryplothandlers.code.tex 2025-08-29 v3.1.11a (3.1.11a)
\pgf@plot@mark@count=\count325
\pgfplotmarksize=\dimen278
)
\tikz@lastx=\dimen279
\tikz@lasty=\dimen280
\tikz@lastxsaved=\dimen281
\tikz@lastysaved=\dimen282
\tikz@lastmovetox=\dimen283
\tikz@lastmovetoy=\dimen284
\tikzleveldistance=\dimen285
\tikzsiblingdistance=\dimen286
\tikz@figbox=\box67
\tikz@figbox@bg=\box68
\tikz@tempbox=\box69
\tikz@tempbox@bg=\box70
\tikztreelevel=\count326
\tikznumberofchildren=\count327
\tikznumberofcurrentchild=\count328
\tikz@fig@count=\count329
 (/Users/galdon/Library/TinyTeX/texmf-dist/tex/generic/pgf/modules/pgfmodulematrix.code.tex
File: pgfmodulematrix.code.tex 2025-08-29 v3.1.11a (3.1.11a)
\pgfmatrixcurrentrow=\count330
\pgfmatrixcurrentcolumn=\count331
\pgf@matrix@numberofcolumns=\count332
)
\tikz@expandcount=\count333
 (/Users/galdon/Library/TinyTeX/texmf-dist/tex/generic/pgf/frontendlayer/tikz/libraries/tikzlibrarytopaths.code.tex
File: tikzlibrarytopaths.code.tex 2025-08-29 v3.1.11a (3.1.11a)
))) (/Users/galdon/Library/TinyTeX/texmf-dist/tex/latex/pgfplots/pgfplots.sty (/Users/galdon/Library/TinyTeX/texmf-dist/tex/generic/pgfplots/pgfplots.revision.tex)
Package: pgfplots 2025/08/14 v1.18.2 Data Visualization (1.18.2)
 (/Users/galdon/Library/TinyTeX/texmf-dist/tex/generic/pgfplots/pgfplots.code.tex (/Users/galdon/Library/TinyTeX/texmf-dist/tex/generic/pgfplots/pgfplotscore.code.tex
\t@pgfplots@toka=\toks39
\t@pgfplots@tokb=\toks40
\t@pgfplots@tokc=\toks41
\pgfplots@tmpa=\dimen287
\c@pgfplots@coordindex=\count334
\c@pgfplots@scanlineindex=\count335
 (/Users/galdon/Library/TinyTeX/texmf-dist/tex/generic/pgfplots/sys/pgfplotssysgeneric.code.tex)) (/Users/galdon/Library/TinyTeX/texmf-dist/tex/generic/pgfplots/libs/pgfplotslibrary.code.tex) (/Users/galdon/Library/TinyTeX/texmf-dist/tex/generic/pgfplots/oldpgfcompatib/pgfplotsoldpgfsupp_loader.code.tex (/Users/galdon/Library/TinyTeX/texmf-dist/tex/generic/pgf/libraries/pgflibraryfpu.code.tex) (/Users/galdon/Library/TinyTeX/texmf-dist/tex/generic/pgfplots/oldpgfcompatib/pgfplotsoldpgfsupp_pgfutil-common-lists.tex)) (/Users/galdon/Library/TinyTeX/texmf-dist/tex/generic/pgfplots/util/pgfplotsutil.code.tex (/Users/galdon/Library/TinyTeX/texmf-dist/tex/generic/pgfplots/liststructure/pgfplotsliststructure.code.tex) (/Users/galdon/Library/TinyTeX/texmf-dist/tex/generic/pgfplots/liststructure/pgfplotsliststructureext.code.tex) (/Users/galdon/Library/TinyTeX/texmf-dist/tex/generic/pgfplots/liststructure/pgfplotsarray.code.tex
\c@pgfplotsarray@tmp=\count336
) (/Users/galdon/Library/TinyTeX/texmf-dist/tex/generic/pgfplots/liststructure/pgfplotsmatrix.code.tex) (/Users/galdon/Library/TinyTeX/texmf-dist/tex/generic/pgfplots/numtable/pgfplotstableshared.code.tex
\c@pgfplotstable@counta=\count337
\t@pgfplotstable@a=\toks42
) (/Users/galdon/Library/TinyTeX/texmf-dist/tex/generic/pgfplots/liststructure/pgfplotsdeque.code.tex) (/Users/galdon/Library/TinyTeX/texmf-dist/tex/generic/pgfplots/util/pgfplotsbinary.code.tex (/Users/galdon/Library/TinyTeX/texmf-dist/tex/generic/pgfplots/util/pgfplotsbinary.data.code.tex)) (/Users/galdon/Library/TinyTeX/texmf-dist/tex/generic/pgfplots/util/pgfplotsutil.verb.code.tex) (/Users/galdon/Library/TinyTeX/texmf-dist/tex/generic/pgfplots/libs/pgflibrarypgfplots.surfshading.code.tex
\c@pgfplotslibrarysurf@no=\count338
 (/Users/galdon/Library/TinyTeX/texmf-dist/tex/generic/pgfplots/sys/pgflibrarypgfplots.surfshading.pgfsys-pdftex.def))) (/Users/galdon/Library/TinyTeX/texmf-dist/tex/generic/pgfplots/util/pgfplotscolormap.code.tex (/Users/galdon/Library/TinyTeX/texmf-dist/tex/generic/pgfplots/util/pgfplotscolor.code.tex)) (/Users/galdon/Library/TinyTeX/texmf-dist/tex/generic/pgfplots/pgfplotsstackedplots.code.tex) (/Users/galdon/Library/TinyTeX/texmf-dist/tex/generic/pgfplots/pgfplotsplothandlers.code.tex (/Users/galdon/Library/TinyTeX/texmf-dist/tex/generic/pgfplots/pgfplotsmeshplothandler.code.tex (/Users/galdon/Library/TinyTeX/texmf-dist/tex/generic/pgfplots/pgfplotsmeshplotimage.code.tex))) (/Users/galdon/Library/TinyTeX/texmf-dist/tex/generic/pgfplots/pgfplots.scaling.code.tex) (/Users/galdon/Library/TinyTeX/texmf-dist/tex/generic/pgfplots/pgfplotscoordprocessing.code.tex) (/Users/galdon/Library/TinyTeX/texmf-dist/tex/generic/pgfplots/pgfplots.errorbars.code.tex) (/Users/galdon/Library/TinyTeX/texmf-dist/tex/generic/pgfplots/pgfplots.markers.code.tex) (/Users/galdon/Library/TinyTeX/texmf-dist/tex/generic/pgfplots/pgfplotsticks.code.tex) (/Users/galdon/Library/TinyTeX/texmf-dist/tex/generic/pgfplots/pgfplots.paths.code.tex) (/Users/galdon/Library/TinyTeX/texmf-dist/tex/generic/pgf/frontendlayer/tikz/libraries/tikzlibrarydecorations.code.tex (/Users/galdon/Library/TinyTeX/texmf-dist/tex/generic/pgf/modules/pgfmoduledecorations.code.tex
\pgfdecoratedcompleteddistance=\dimen288
\pgfdecoratedremainingdistance=\dimen289
\pgfdecoratedinputsegmentcompleteddistance=\dimen290
\pgfdecoratedinputsegmentremainingdistance=\dimen291
\pgf@decorate@distancetomove=\dimen292
\pgf@decorate@repeatstate=\count339
\pgfdecorationsegmentamplitude=\dimen293
\pgfdecorationsegmentlength=\dimen294
)
\tikz@lib@dec@box=\box71
) (/Users/galdon/Library/TinyTeX/texmf-dist/tex/generic/pgf/frontendlayer/tikz/libraries/tikzlibrarydecorations.pathmorphing.code.tex (/Users/galdon/Library/TinyTeX/texmf-dist/tex/generic/pgf/libraries/decorations/pgflibrarydecorations.pathmorphing.code.tex)) (/Users/galdon/Library/TinyTeX/texmf-dist/tex/generic/pgf/frontendlayer/tikz/libraries/tikzlibrarydecorations.pathreplacing.code.tex (/Users/galdon/Library/TinyTeX/texmf-dist/tex/generic/pgf/libraries/decorations/pgflibrarydecorations.pathreplacing.code.tex)) (/Users/galdon/Library/TinyTeX/texmf-dist/tex/generic/pgfplots/libs/tikzlibrarypgfplots.contourlua.code.tex)
\pgfplots@numplots=\count340
\pgfplots@xmin@reg=\dimen295
\pgfplots@xmax@reg=\dimen296
\pgfplots@ymin@reg=\dimen297
\pgfplots@ymax@reg=\dimen298
\pgfplots@zmin@reg=\dimen299
\pgfplots@zmax@reg=\dimen300
)
(/Users/galdon/Library/TinyTeX/texmf-dist/tex/generic/pgf/frontendlayer/tikz/libraries/tikzlibraryplotmarks.code.tex
File: tikzlibraryplotmarks.code.tex 2025-08-29 v3.1.11a (3.1.11a)
 (/Users/galdon/Library/TinyTeX/texmf-dist/tex/generic/pgf/libraries/pgflibraryplotmarks.code.tex
File: pgflibraryplotmarks.code.tex 2025-08-29 v3.1.11a (3.1.11a)
))) (/Users/galdon/Library/TinyTeX/texmf-dist/tex/latex/pgfplots/pgfplotstable.sty (/Users/galdon/Library/TinyTeX/texmf-dist/tex/generic/pgfplots/pgfplots.revision.tex)
Package: pgfplotstable 2025/08/14 v1.18.2 Table typesetting and Pretty-printing (1.18.2)
 (/Users/galdon/Library/TinyTeX/texmf-dist/tex/generic/pgfplots/numtable/pgfplotstable.code.tex (/Users/galdon/Library/TinyTeX/texmf-dist/tex/generic/pgfplots/numtable/pgfplotstable.coltype.code.tex))) (/Users/galdon/Library/TinyTeX/texmf-dist/tex/latex/booktabs/booktabs.sty
Package: booktabs 2020/01/12 v1.61803398 Publication quality tables
\heavyrulewidth=\dimen301
\lightrulewidth=\dimen302
\cmidrulewidth=\dimen303
\belowrulesep=\dimen304
\belowbottomsep=\dimen305
\aboverulesep=\dimen306
\abovetopsep=\dimen307
\cmidrulesep=\dimen308
\cmidrulekern=\dimen309
\defaultaddspace=\dimen310
\@cmidla=\count341
\@cmidlb=\count342
\@aboverulesep=\dimen311
\@belowrulesep=\dimen312
\@thisruleclass=\count343
\@lastruleclass=\count344
\@thisrulewidth=\dimen313
) (/Users/galdon/Library/TinyTeX/texmf-dist/tex/latex/microtype/microtype.sty
Package: microtype 2026/03/01 v3.2d Micro-typographical refinements (RS)
\MT@toks=\toks43
\MT@tempbox=\box72
\MT@count=\count345
LaTeX Info: Redefining \noprotrusionifhmode on input line 1084.
LaTeX Info: Redefining \leftprotrusion on input line 1085.
\MT@prot@toks=\toks44
LaTeX Info: Redefining \rightprotrusion on input line 1104.
LaTeX Info: Redefining \textls on input line 1449.
\MT@outer@kern=\dimen314
LaTeX Info: Redefining \microtypecontext on input line 2053.
LaTeX Info: Redefining \textmicrotypecontext on input line 2070.
\MT@listname@count=\count346
 (/Users/galdon/Library/TinyTeX/texmf-dist/tex/latex/microtype/microtype-pdftex.def
File: microtype-pdftex.def 2026/03/01 v3.2d Definitions specific to pdftex (RS)
LaTeX Info: Redefining \lsstyle on input line 944.
LaTeX Info: Redefining \lslig on input line 944.
\MT@outer@space=\skip71
)
Package microtype Info: Loading configuration file microtype.cfg.
 (/Users/galdon/Library/TinyTeX/texmf-dist/tex/latex/microtype/microtype.cfg
File: microtype.cfg 2026/03/01 v3.2d microtype main configuration file (RS)
)
LaTeX Info: Redefining \microtypesetup on input line 3065.
) (/Users/galdon/Library/TinyTeX/texmf-dist/tex/latex/hyperref/hyperref.sty
Package: hyperref 2026-04-24 v7.01q Hypertext links for LaTeX
 (/Users/galdon/Library/TinyTeX/texmf-dist/tex/generic/iftex/iftex.sty
Package: iftex 2024/12/12 v1.0g TeX engine tests
) (/Users/galdon/Library/TinyTeX/texmf-dist/tex/latex/kvsetkeys/kvsetkeys.sty
Package: kvsetkeys 2022-10-05 v1.19 Key value parser (HO)
) (/Users/galdon/Library/TinyTeX/texmf-dist/tex/generic/kvdefinekeys/kvdefinekeys.sty
Package: kvdefinekeys 2019-12-19 v1.6 Define keys (HO)
) (/Users/galdon/Library/TinyTeX/texmf-dist/tex/generic/pdfescape/pdfescape.sty
Package: pdfescape 2019/12/09 v1.15 Implements pdfTeX's escape features (HO)
 (/Users/galdon/Library/TinyTeX/texmf-dist/tex/generic/ltxcmds/ltxcmds.sty
Package: ltxcmds 2023-12-04 v1.26 LaTeX kernel commands for general use (HO)
) (/Users/galdon/Library/TinyTeX/texmf-dist/tex/generic/pdftexcmds/pdftexcmds.sty
Package: pdftexcmds 2020-06-27 v0.33 Utility functions of pdfTeX for LuaTeX (HO)
 (/Users/galdon/Library/TinyTeX/texmf-dist/tex/generic/infwarerr/infwarerr.sty
Package: infwarerr 2019/12/03 v1.5 Providing info/warning/error messages (HO)
)
Package pdftexcmds Info: \pdf@primitive is available.
Package pdftexcmds Info: \pdf@ifprimitive is available.
Package pdftexcmds Info: \pdfdraftmode found.
)) (/Users/galdon/Library/TinyTeX/texmf-dist/tex/latex/hycolor/hycolor.sty
Package: hycolor 2020-01-27 v1.10 Color options for hyperref/bookmark (HO)
) (/Users/galdon/Library/TinyTeX/texmf-dist/tex/latex/hyperref/nameref.sty
Package: nameref 2026-01-29 v2.58 Cross-referencing by name of section
 (/Users/galdon/Library/TinyTeX/texmf-dist/tex/latex/refcount/refcount.sty
Package: refcount 2019/12/15 v3.6 Data extraction from label references (HO)
) (/Users/galdon/Library/TinyTeX/texmf-dist/tex/generic/gettitlestring/gettitlestring.sty
Package: gettitlestring 2019/12/15 v1.6 Cleanup title references (HO)
 (/Users/galdon/Library/TinyTeX/texmf-dist/tex/latex/kvoptions/kvoptions.sty
Package: kvoptions 2022-06-15 v3.15 Key value format for package options (HO)
))
\c@section@level=\count347
) (/Users/galdon/Library/TinyTeX/texmf-dist/tex/generic/stringenc/stringenc.sty
Package: stringenc 2019/11/29 v1.12 Convert strings between diff. encodings (HO)
)
\@linkdim=\dimen315
\Hy@linkcounter=\count348
\Hy@pagecounter=\count349
 (/Users/galdon/Library/TinyTeX/texmf-dist/tex/latex/hyperref/pd1enc.def
File: pd1enc.def 2026-04-24 v7.01q Hyperref: PDFDocEncoding definition (HO)
Now handling font encoding PD1 ...
... no UTF-8 mapping file for font encoding PD1
) (/Users/galdon/Library/TinyTeX/texmf-dist/tex/generic/intcalc/intcalc.sty
Package: intcalc 2019/12/15 v1.3 Expandable calculations with integers (HO)
)
\Hy@SavedSpaceFactor=\count350
 (/Users/galdon/Library/TinyTeX/texmf-dist/tex/latex/hyperref/puenc.def
File: puenc.def 2026-04-24 v7.01q Hyperref: PDF Unicode definition (HO)
Now handling font encoding PU ...
... no UTF-8 mapping file for font encoding PU
)
Package hyperref Info: Hyper figures OFF on input line 4199.
Package hyperref Info: Link nesting OFF on input line 4204.
Package hyperref Info: Hyper index ON on input line 4207.
Package hyperref Info: Plain pages OFF on input line 4214.
Package hyperref Info: Backreferencing OFF on input line 4219.
Package hyperref Info: Implicit mode ON; LaTeX internals redefined.
Package hyperref Info: Bookmarks ON on input line 4466.
\c@Hy@tempcnt=\count351
 (/Users/galdon/Library/TinyTeX/texmf-dist/tex/latex/url/url.sty
\Urlmuskip=\muskip17
Package: url 2013/09/16  ver 3.4  Verb mode for urls, etc.
)
LaTeX Info: Redefining \url on input line 4805.
\XeTeXLinkMargin=\dimen316
 (/Users/galdon/Library/TinyTeX/texmf-dist/tex/generic/bitset/bitset.sty
Package: bitset 2019/12/09 v1.3 Handle bit-vector datatype (HO)
 (/Users/galdon/Library/TinyTeX/texmf-dist/tex/generic/bigintcalc/bigintcalc.sty
Package: bigintcalc 2019/12/15 v1.5 Expandable calculations on big integers (HO)
))
\Fld@menulength=\count352
\Field@Width=\dimen317
\Fld@charsize=\dimen318
Package hyperref Info: Hyper figures OFF on input line 6091.
Package hyperref Info: Link nesting OFF on input line 6096.
Package hyperref Info: Hyper index ON on input line 6099.
Package hyperref Info: backreferencing OFF on input line 6106.
Package hyperref Info: Link coloring OFF on input line 6111.
Package hyperref Info: Link coloring with OCG OFF on input line 6116.
Package hyperref Info: PDF/A mode OFF on input line 6121.
\Hy@abspage=\count353
\c@Item=\count354
\c@Hfootnote=\count355
)
Package hyperref Info: Driver (autodetected): hpdftex.
 (/Users/galdon/Library/TinyTeX/texmf-dist/tex/latex/hyperref/hpdftex.def
File: hpdftex.def 2026-04-24 v7.01q Hyperref driver for pdfTeX
\Fld@listcount=\count356
\c@bookmark@seq@number=\count357
 (/Users/galdon/Library/TinyTeX/texmf-dist/tex/latex/rerunfilecheck/rerunfilecheck.sty
Package: rerunfilecheck 2025-06-21 v1.11 Rerun checks for auxiliary files (HO)
 (/Users/galdon/Library/TinyTeX/texmf-dist/tex/generic/uniquecounter/uniquecounter.sty
Package: uniquecounter 2019/12/15 v1.4 Provide unlimited unique counter (HO)
)
Package uniquecounter Info: New unique counter `rerunfilecheck' on input line 284.
)
\Hy@SectionHShift=\skip72
) (/Users/galdon/Library/TinyTeX/texmf-dist/tex/latex/tools/tabularx.sty
Package: tabularx 2023/12/11 v2.12a `tabularx' package (DPC)
\TX@col@width=\dimen319
\TX@old@table=\dimen320
\TX@old@col=\dimen321
\TX@target=\dimen322
\TX@delta=\dimen323
\TX@cols=\count358
\TX@ftn=\toks45
) (/Users/galdon/Library/TinyTeX/texmf-dist/tex/latex/isotope/isotope.sty
Package: isotope 2011/08/26 v0.3 for typesetting isotopes
) (/Users/galdon/Library/TinyTeX/texmf-dist/tex/latex/siunitx/siunitx.sty
Package: siunitx 2026-05-15 v3.5.5 A comprehensive (SI) units package
\l__siunitx_number_uncert_offset_int=\count359
\l__siunitx_number_exponent_fixed_int=\count360
\l__siunitx_number_min_decimal_int=\count361
\l__siunitx_number_min_integer_int=\count362
\l__siunitx_number_round_precision_int=\count363
\l__siunitx_number_lower_threshold_int=\count364
\l__siunitx_number_upper_threshold_int=\count365
\l__siunitx_number_group_first_int=\count366
\l__siunitx_number_group_size_int=\count367
\l__siunitx_number_group_min_int=\count368
\l__siunitx_number_group_minimum_int=\count369
\l__siunitx_compound_count_int=\count370
 (/Users/galdon/Library/TinyTeX/texmf-dist/tex/latex/amsmath/amstext.sty
Package: amstext 2024/11/17 v2.01 AMS text
 (/Users/galdon/Library/TinyTeX/texmf-dist/tex/latex/amsmath/amsgen.sty
File: amsgen.sty 1999/11/30 v2.0 generic functions
\@emptytoks=\toks46
\ex@=\dimen324
))
\l__siunitx_table_tmp_box=\box73
\l__siunitx_table_tmp_dim=\dimen325
\l__siunitx_table_column_width_dim=\dimen326
\l__siunitx_table_integer_box=\box74
\l__siunitx_table_decimal_box=\box75
\l__siunitx_table_uncert_box=\box76
\l__siunitx_table_before_box=\box77
\l__siunitx_table_after_box=\box78
\l__siunitx_table_before_dim=\dimen327
\l__siunitx_table_carry_dim=\dimen328
\l__siunitx_unit_tmp_int=\count371
\l__siunitx_unit_position_int=\count372
\l__siunitx_unit_total_int=\count373
\l__siunitx_sexagesimal_tmp_dim=\dimen329
\l__siunitx_sexagesimal_marker_box=\box79
\l__siunitx_sexagesimal_unit_box=\box80
) (/Users/galdon/Library/TinyTeX/texmf-dist/tex/latex/wrapfig/wrapfig.sty
\wrapoverhang=\dimen330
\WF@size=\dimen331
\c@WF@wrappedlines=\count374
\WF@box=\box81
\WF@everypar=\toks47
Package: wrapfig 2003/01/31  v 3.6
) (/Users/galdon/Library/TinyTeX/texmf-dist/tex/latex/amsmath/amsmath.sty
Package: amsmath 2025/07/09 v2.17z AMS math features
\@mathmargin=\skip73

For additional information on amsmath, use the `?' option.
(/Users/galdon/Library/TinyTeX/texmf-dist/tex/latex/amsmath/amsbsy.sty
Package: amsbsy 1999/11/29 v1.2d Bold Symbols
\pmbraise@=\dimen332
) (/Users/galdon/Library/TinyTeX/texmf-dist/tex/latex/amsmath/amsopn.sty
Package: amsopn 2022/04/08 v2.04 operator names
)
\inf@bad=\count375
LaTeX Info: Redefining \frac on input line 233.
\uproot@=\count376
\leftroot@=\count377
LaTeX Info: Redefining \overline on input line 398.
LaTeX Info: Redefining \colon on input line 409.
\classnum@=\count378
\DOTSCASE@=\count379
LaTeX Info: Redefining \ldots on input line 495.
LaTeX Info: Redefining \dots on input line 498.
LaTeX Info: Redefining \cdots on input line 619.
\Mathstrutbox@=\box82
\strutbox@=\box83
LaTeX Info: Redefining \big on input line 721.
LaTeX Info: Redefining \Big on input line 722.
LaTeX Info: Redefining \bigg on input line 723.
LaTeX Info: Redefining \Bigg on input line 724.
\big@size=\dimen333
LaTeX Font Info:    Redeclaring font encoding OML on input line 742.
LaTeX Font Info:    Redeclaring font encoding OMS on input line 743.
\macc@depth=\count380
LaTeX Info: Redefining \bmod on input line 904.
LaTeX Info: Redefining \pmod on input line 909.
LaTeX Info: Redefining \smash on input line 939.
LaTeX Info: Redefining \relbar on input line 969.
LaTeX Info: Redefining \Relbar on input line 970.
\c@MaxMatrixCols=\count381
\dotsspace@=\muskip18
\c@parentequation=\count382
\dspbrk@lvl=\count383
\tag@help=\toks48
\row@=\count384
\column@=\count385
\maxfields@=\count386
\andhelp@=\toks49
\eqnshift@=\dimen334
\alignsep@=\dimen335
\tagshift@=\dimen336
\tagwidth@=\dimen337
\totwidth@=\dimen338
\lineht@=\dimen339
\@envbody=\toks50
\multlinegap=\skip74
\multlinetaggap=\skip75
\mathdisplay@stack=\toks51
LaTeX Info: Redefining \[ on input line 2950.
LaTeX Info: Redefining \] on input line 2951.
) (/Users/galdon/Library/TinyTeX/texmf-dist/tex/latex/mhchem/mhchem.sty
Package: mhchem 2024/01/29 v4.10 for typesetting chemical formulae
 (/Users/galdon/Library/TinyTeX/texmf-dist/tex/latex/l3kernel/expl3.sty
Package: expl3 2026-05-15 L3 programming layer (loader) 
 (/Users/galdon/Library/TinyTeX/texmf-dist/tex/latex/l3backend/l3backend-pdftex.def
File: l3backend-pdftex.def 2026-02-18 L3 backend support: PDF output (pdfTeX)
\l__color_backend_stack_int=\count387
)) (/Users/galdon/Library/TinyTeX/texmf-dist/tex/latex/l3packages/l3keys2e/l3keys2e.sty
Package: l3keys2e 2025-10-09 LaTeX2e option processing using LaTeX3 keys
) (/Users/galdon/Library/TinyTeX/texmf-dist/tex/latex/tools/calc.sty
Package: calc 2025/03/01 v4.3b Infix arithmetic (KKT,FJ)
\calc@Acount=\count388
\calc@Bcount=\count389
\calc@Adimen=\dimen340
\calc@Bdimen=\dimen341
\calc@Askip=\skip76
\calc@Bskip=\skip77
LaTeX Info: Redefining \setlength on input line 86.
LaTeX Info: Redefining \addtolength on input line 87.
\calc@Ccount=\count390
\calc@Cskip=\skip78
) (/Users/galdon/Library/TinyTeX/texmf-dist/tex/latex/chemgreek/chemgreek.sty (/Users/galdon/Library/TinyTeX/texmf-dist/tex/latex/l3packages/xparse/xparse.sty
Package: xparse 2025-10-09 L3 Experimental document command parser
)
Package: chemgreek 2020/01/16 v1.1a interface for upright Greek letters for use in chemistry (CN)
\l__chemgreek_tmpa_int=\count391
\g__chemgreek_tmpa_int=\count392
)
\l__mhchem_ce_distanceFromLastComma_int=\count393
\__mhchem_arrow_extPgfLength_skip=\skip79
\mhchem@minispace@tmp=\skip80
\mhchem@minibackspace@tmp=\skip81
\mhchem@bondwidth=\skip82
\mhchem@bondheight=\skip83
\mhchem@smallbondwidth@tmpA=\skip84
\mhchem@smallbondwidth@tmpB=\skip85
\mhchem@smallbondwidth=\skip86
\mhchem@bondtmp@minussidebearingleft=\skip87
\mhchem@bondtmp@minussidebearingright=\skip88
\l__mhchem_option_version_int=\count394
\mhchem@option@minusmathsidebearingleft=\dimen342
\mhchem@option@minusmathsidebearingright=\dimen343
\mhchem@option@minustextsidebearingleft=\dimen344
\mhchem@option@minustextsidebearingright=\dimen345
) (/Users/galdon/Library/TinyTeX/texmf-dist/tex/latex/was/upgreek.sty
Package: upgreek 2003/02/12 v2.0 (WaS)
Package upgreek Info: Using Euler Roman for upright Greek on input line 31.
\symugrf@m=\mathgroup5
LaTeX Font Info:    Overwriting symbol font `ugrf@m' in version `bold'
(Font)                  U/eur/m/n --> U/eur/b/n on input line 38.
) (/Users/galdon/Library/TinyTeX/texmf-dist/tex/latex/hyphenat/hyphenat.sty
Package: hyphenat 2009/09/02 v2.3c hyphenation utilities
\langwohyphens=\language9
LaTeX Info: Redefining \_ on input line 43.
))
Package csquotes Info: Checking for multilingual support...
Package csquotes Info: ... found 'babel' package.
Class scrbook Info: loading recommended package `bookmark'.
(scrbook)           Using `bookmark' together with `hyperref' is recommended,
(scrbook)           because of handling of possible bookmark level gaps.
(scrbook)           You can avoid loading `bookmark' with KOMA-Script option
(scrbook)           `bookmarkpackage=false' before \begin{document} and
(scrbook)           you can avoid this message adding:
(scrbook)             \usepackage{bookmark}
(scrbook)           before \begin{document} on input line 26.
 (/Users/galdon/Library/TinyTeX/texmf-dist/tex/latex/bookmark/bookmark.sty
Package: bookmark 2026-05-21 v1.32 PDF bookmarks (HO)
 (/Users/galdon/Library/TinyTeX/texmf-dist/tex/latex/bookmark/bkm-pdftex.def
File: bkm-pdftex.def 2026-05-21 v1.32 bookmark driver for pdfTeX (HO)
\BKM@id=\count395
))
LaTeX Font Info:    Trying to load font information for T1+pplx on input line 26.
 (/Users/galdon/Library/TinyTeX/texmf-dist/tex/latex/psnfss/t1pplx.fd
File: t1pplx.fd 2004/09/06 font definitions for T1/pplx.
) (./BEMP_Thesis_of_Manuel_Galdon.aux

LaTeX Warning: Label `table: Slope comparison for MEDAPP source at the energy deposition. Neutrons' multiply defined.


LaTeX Warning: Label `fig:IC' multiply defined.

)
\openout1 = `BEMP_Thesis_of_Manuel_Galdon.aux'.

LaTeX Font Info:    Checking defaults for OML/cmm/m/it on input line 26.
LaTeX Font Info:    ... okay on input line 26.
LaTeX Font Info:    Checking defaults for OMS/cmsy/m/n on input line 26.
LaTeX Font Info:    ... okay on input line 26.
LaTeX Font Info:    Checking defaults for OT1/cmr/m/n on input line 26.
LaTeX Font Info:    ... okay on input line 26.
LaTeX Font Info:    Checking defaults for T1/cmr/m/n on input line 26.
LaTeX Font Info:    ... okay on input line 26.
LaTeX Font Info:    Checking defaults for TS1/cmr/m/n on input line 26.
LaTeX Font Info:    ... okay on input line 26.
LaTeX Font Info:    Checking defaults for OMX/cmex/m/n on input line 26.
LaTeX Font Info:    ... okay on input line 26.
LaTeX Font Info:    Checking defaults for U/cmr/m/n on input line 26.
LaTeX Font Info:    ... okay on input line 26.
LaTeX Font Info:    Checking defaults for PD1/pdf/m/n on input line 26.
LaTeX Font Info:    ... okay on input line 26.
LaTeX Font Info:    Checking defaults for PU/pdf/m/n on input line 26.
LaTeX Font Info:    ... okay on input line 26.
Package nag Info: pgf.sty is broken: disabling dollar check on input line 26.
Package nag Info: Command \bf not defined, skipping amendment on input line 26.
Package nag Info: Command \it not defined, skipping amendment on input line 26.
Package nag Info: Command \rm not defined, skipping amendment on input line 26.
Package nag Info: Command \sc not defined, skipping amendment on input line 26.
Package nag Info: Command \sf not defined, skipping amendment on input line 26.
Package nag Info: Command \sl not defined, skipping amendment on input line 26.
Package nag Info: Command \tt not defined, skipping amendment on input line 26.
Package nag Info: Command \RaggedLeft not defined, skipping amendment on input line 26.
Package nag Info: Command \RaggedRight not defined, skipping amendment on input line 26.
Package scrbase Info: activating english \partname on input line 26.
Package scrbase Info: activating english \chaptername on input line 26.
Package scrbase Info: activating english \appendixname on input line 26.
Package scrbase Info: activating english \figurename on input line 26.
Package scrbase Info: activating english \tablename on input line 26.
Package scrbase Info: activating english \contentsname on input line 26.
Package scrbase Info: activating english \listfigurename on input line 26.
Package scrbase Info: activating english \listtablename on input line 26.
Package scrbase Info: activating english \bibname on input line 26.
Package scrbase Info: activating english \indexname on input line 26.
Package caption Info: Begin \AtBeginDocument code.
Package caption Info: hyperref package is loaded.
Package caption Info: listings package is loaded.
Package caption Info: wrapfig package is loaded.
Package caption Info: End \AtBeginDocument code.
 (/Users/galdon/Library/TinyTeX/texmf-dist/tex/latex/epstopdf-pkg/epstopdf-base.sty
Package: epstopdf-base 2020-01-24 v2.11 Base part for package epstopdf
 (/Users/galdon/Library/TinyTeX/texmf-dist/tex/latex/grfext/grfext.sty
Package: grfext 2019/12/03 v1.3 Manage graphics extensions (HO)
)
Package epstopdf-base Info: Redefining graphics rule for `.eps' on input line 485.
Package grfext Info: Graphics extension search list:
(grfext)             [.pdf,.png,.jpg,.mps,.jpeg,.jbig2,.jb2,.PDF,.PNG,.JPG,.JPEG,.JBIG2,.JB2,.eps]
(grfext)             \AppendGraphicsExtensions on input line 504.
 (/Users/galdon/Library/TinyTeX/texmf-dist/tex/latex/latexconfig/epstopdf-sys.cfg
File: epstopdf-sys.cfg 2010/07/13 v1.3 Configuration of (r)epstopdf for TeX Live
))
\c@lstlisting=\count396
Package tocbasic Info: setting babel extension for `lol' on input line 26.
\scr@dte@lstlisting@maxnumwidth=\skip89

Package pgfplots notification 'compat/show suggested version=true': document has been generated with the most recent feature set (\pgfplotsset{compat=1.18}).

LaTeX Info: Redefining \microtypecontext on input line 26.
Package microtype Info: Applying patch `item' on input line 26.
Package microtype Info: Applying patch `toc' on input line 26.
Package microtype Info: Applying patch `eqnum' on input line 26.
Package microtype Info: Applying patch `footnote' on input line 26.
Package microtype Info: Applying patch `verbatim' on input line 26.
LaTeX Info: Redefining \microtypesetup on input line 26.
Package microtype Info: Generating PDF output.
Package microtype Info: Character protrusion enabled (level 2).
Package microtype Info: Using default protrusion set `alltext'.
Package microtype Info: Automatic font expansion enabled (level 2),
(microtype)             stretch: 20, shrink: 20, step: 1, non-selected.
Package microtype Info: Using default expansion set `alltext-nott'.
Package microtype Info: Patching command `\showhyphens'.
Package microtype Info: No adjustment of tracking.
Package microtype Info: No adjustment of interword spacing.
Package microtype Info: No adjustment of character kerning.
(/Users/galdon/Library/TinyTeX/texmf-dist/tex/latex/microtype/mt-ppl.cfg
File: mt-ppl.cfg 2005/11/16 v1.6 microtype config. file: Palatino (RS)
)
Package hyperref Info: Link coloring OFF on input line 26.

Package chemgreek Info: Activating mapping `upgreek' on line 26.

Package nag Info: Command \hc@caption not defined, skipping amendment on input line 26.
Package nag Info: Command \topcaption not defined, skipping amendment on input line 26.
 (./pages/cover.tex
<logos/tum.pdf, id=7, 54.02504pt x 28.452pt>
File: logos/tum.pdf Graphic file (type pdf)
<use logos/tum.pdf>
Package pdftex.def Info: logos/tum.pdf  used on input line 16.
(pdftex.def)             Requested size: 108.06296pt x 56.9055pt.
Package epstopdf Info: Source file: <logos/FRM2_logo.eps>
(epstopdf)                    date: 2026-06-17 17:14:57
(epstopdf)                    size: 536809 bytes
(epstopdf)             Output file: <logos/FRM2_logo-eps-converted-to.pdf>
(epstopdf)                    date: 2026-06-17 17:32:51
(epstopdf)                    size: 16349 bytes
(epstopdf)             Command: <epstopdf --outfile=logos/FRM2_logo-eps-converted-to.pdf logos/FRM2_logo.eps>
(epstopdf)             \includegraphics on input line 36.
Package epstopdf Info: Output file is already uptodate.
<logos/FRM2_logo-eps-converted-to.pdf, id=8, 37.13875pt x 37.13875pt>
File: logos/FRM2_logo-eps-converted-to.pdf Graphic file (type pdf)
<use logos/FRM2_logo-eps-converted-to.pdf>
Package pdftex.def Info: logos/FRM2_logo-eps-converted-to.pdf  used on input line 36.
(pdftex.def)             Requested size: 56.90823pt x 56.9055pt.
 [1



{/Users/galdon/Library/TinyTeX/texmf-var/fonts/map/pdftex/updmap/pdftex.map}{/Users/galdon/Library/TinyTeX/texmf-dist/fonts/enc/dvips/base/8r.enc} <./logos/tum.pdf> <./logos/FRM2_logo-eps-converted-to.pdf>]) [2


] (./pages/title.tex
File: logos/tum.pdf Graphic file (type pdf)
<use logos/tum.pdf>
Package pdftex.def Info: logos/tum.pdf  used on input line 8.
(pdftex.def)             Requested size: 108.06296pt x 56.9055pt.
Package babel Info: 'ngerman' activates 'german' shorthands.
(babel)             Reported on input line 23.
LaTeX Font Info:    Trying to load font information for OT1+pplx on input line 26.
 (/Users/galdon/Library/TinyTeX/texmf-dist/tex/latex/psnfss/ot1pplx.fd
File: ot1pplx.fd 2004/09/06 font definitions for OT1/pplx.
)
LaTeX Font Info:    Trying to load font information for OML+zplm on input line 26.
 (/Users/galdon/Library/TinyTeX/texmf-dist/tex/latex/psnfss/omlzplm.fd
File: omlzplm.fd 2002/09/08 Fontinst v1.914 font definitions for OML/zplm.
)
LaTeX Font Info:    Trying to load font information for OMS+zplm on input line 26.
 (/Users/galdon/Library/TinyTeX/texmf-dist/tex/latex/psnfss/omszplm.fd
File: omszplm.fd 2002/09/08 Fontinst v1.914 font definitions for OMS/zplm.
)
LaTeX Font Info:    Trying to load font information for OMX+zplm on input line 26.
 (/Users/galdon/Library/TinyTeX/texmf-dist/tex/latex/psnfss/omxzplm.fd
File: omxzplm.fd 2002/09/08 Fontinst v1.914 font definitions for OMX/zplm.
)
LaTeX Font Info:    Trying to load font information for OT1+zplm on input line 26.
 (/Users/galdon/Library/TinyTeX/texmf-dist/tex/latex/psnfss/ot1zplm.fd
File: ot1zplm.fd 2002/09/08 Fontinst v1.914 font definitions for OT1/zplm.
)
Package microtype Info: Loading generic protrusion settings for font family
(microtype)             `zplm' (encoding: OT1).
(microtype)             For optimal results, create family-specific settings.
(microtype)             See the microtype manual for details.
 (/Users/galdon/Library/TinyTeX/texmf-dist/tex/latex/microtype/mt-eur.cfg
File: mt-eur.cfg 2006/07/31 v1.1 microtype config. file: AMS Euler Roman (RS)
)
Package epstopdf Info: Source file: <logos/FRM2_logo.eps>
(epstopdf)                    date: 2026-06-17 17:14:57
(epstopdf)                    size: 536809 bytes
(epstopdf)             Output file: <logos/FRM2_logo-eps-converted-to.pdf>
(epstopdf)                    date: 2026-06-17 17:32:51
(epstopdf)                    size: 16349 bytes
(epstopdf)             Command: <epstopdf --outfile=logos/FRM2_logo-eps-converted-to.pdf logos/FRM2_logo.eps>
(epstopdf)             \includegraphics on input line 37.
Package epstopdf Info: Output file is already uptodate.
File: logos/FRM2_logo-eps-converted-to.pdf Graphic file (type pdf)
<use logos/FRM2_logo-eps-converted-to.pdf>
Package pdftex.def Info: logos/FRM2_logo-eps-converted-to.pdf  used on input line 37.
(pdftex.def)             Requested size: 56.90823pt x 56.9055pt.
 [1


]) (./pages/abstract.tex [2


]
chapter without number

Overfull \hbox (5.9056pt too wide) in paragraph at lines 3--4
\T1/pplx/m/n/12 (-20) This the-sis stud-ies the sen-si-tiv-ity to neu-tron and gamma ra-di-a-tion of mainly mag-ne-sium
 []

[3] [4


]) (./pages/disclaimer.tex [5] [6


])
Package tocbasic Info: character protrusion at toc deactivated on input line 40.
 (./BEMP_Thesis_of_Manuel_Galdon.toc [7




])
\tf@toc=\write4
\openout4 = `BEMP_Thesis_of_Manuel_Galdon.toc'.

LaTeX Font Info:    Font shape `T1/pplx/m/sl' in size <12> not available
(Font)              Font shape `T1/pplx/m/it' tried instead on input line 43.
 [8] (./chapters/01_introduction.tex
chapter 1.
[1




]) (./chapters/02_basics.tex [2]
chapter 2.
(./chapters/basics/02_basics_context_about_FRMII.tex) (./chapters/basics/02_basics_neutron_interaction_with_matter.tex [3


]
Underfull \hbox (badness 10000) in paragraph at lines 51--52

 []

[4]) (./chapters/basics/02_basics_neutron_radiation_interaction.tex [5]
<figures/Basic-design-of-a-cylindrical-Farmer-type-ionisation-chamber-From-Podgorsak-2005a.png, id=230, 853.1875pt x 290.08376pt>
File: figures/Basic-design-of-a-cylindrical-Farmer-type-ionisation-chamber-From-Podgorsak-2005a.png Graphic file (type png)
<use figures/Basic-design-of-a-cylindrical-Farmer-type-ionisation-chamber-From-Podgorsak-2005a.png>
Package pdftex.def Info: figures/Basic-design-of-a-cylindrical-Farmer-type-ionisation-chamber-From-Podgorsak-2005a.png  used on input line 13.
(pdftex.def)             Requested size: 298.6201pt x 101.53082pt.
 [6 <./figures/Basic-design-of-a-cylindrical-Farmer-type-ionisation-chamber-From-Podgorsak-2005a.png>]) (./chapters/basics/02_basics_dosimetric_principles.tex
Overfull \hbox (2.36847pt too wide) in paragraph at lines 3--4
\T1/pplx/m/n/12 (-20) why it is rel-e-vant in the scope of this work. Dosime-try is, in ra-di-ol-ogy, the mea-sure-ment
 []

[7] [8]
Overfull \hbox (6.24208pt too wide) in paragraph at lines 62--63
\OML/zplm/m/it/12 ^^M$\T1/pplx/m/n/12 (-20) -photons ir-ra-di-at-ing the whole sen-si-tive re-gion of an ion-iza-tion cham-ber ap-prox-i-mated
 []

[9]) (./chapters/basics/02_basics_monte_carlo.tex [10] [11])) (./chapters/03_Atmospheric_corrosion_of_Mg.tex [12]
chapter 3.
(./chapters/Atmospheric corrosion/03_Corrosion of Mg.tex [13


]) (./chapters/Atmospheric corrosion/03_Imaging of IC.tex
<figures/Imaging/reconstruction of EXRADIN CT corrosion Mg.png, id=323, 964.60374pt x 969.6225pt>
File: figures/Imaging/reconstruction of EXRADIN CT corrosion Mg.png Graphic file (type png)
<use figures/Imaging/reconstruction of EXRADIN CT corrosion Mg.png>
Package pdftex.def Info: figures/Imaging/reconstruction of EXRADIN CT corrosion Mg.png  used on input line 8.
(pdftex.def)             Requested size: 182.52766pt x 183.47563pt.
<figures/Imaging/PTW CT corrosion Mg_1.png, id=325, 964.60374pt x 956.57375pt>
File: figures/Imaging/PTW CT corrosion Mg_1.png Graphic file (type png)
<use figures/Imaging/PTW CT corrosion Mg_1.png>
Package pdftex.def Info: figures/Imaging/PTW CT corrosion Mg_1.png  used on input line 15.
(pdftex.def)             Requested size: 182.52766pt x 181.0065pt.
 [14 <./figures/Imaging/reconstruction of EXRADIN CT corrosion Mg.png> <./figures/Imaging/PTW CT corrosion Mg_1.png>]
<figures/Imaging/PTW CT corrosion Mg_2.png, id=333, 984.67876pt x 979.66pt>
File: figures/Imaging/PTW CT corrosion Mg_2.png Graphic file (type png)
<use figures/Imaging/PTW CT corrosion Mg_2.png>
Package pdftex.def Info: figures/Imaging/PTW CT corrosion Mg_2.png  used on input line 30.
(pdftex.def)             Requested size: 196.93225pt x 195.92853pt.
<figures/Imaging/recon-filt-reslice-left.png, id=335, 898.35625pt x 898.35625pt>
File: figures/Imaging/recon-filt-reslice-left.png Graphic file (type png)
<use figures/Imaging/recon-filt-reslice-left.png>
Package pdftex.def Info: figures/Imaging/recon-filt-reslice-left.png  used on input line 44.
(pdftex.def)             Requested size: 182.52766pt x 182.51929pt.
<figures/Imaging/Neutron scan.jpg, id=336, 1124.2pt x 843.15pt>
File: figures/Imaging/Neutron scan.jpg Graphic file (type jpg)
<use figures/Imaging/Neutron scan.jpg>
Package pdftex.def Info: figures/Imaging/Neutron scan.jpg  used on input line 49.
(pdftex.def)             Requested size: 262.75412pt x 197.05957pt.

Overfull \hbox (23.88806pt too wide) in paragraph at lines 49--50
 [][] 
 []

[15

 <./figures/Imaging/PTW CT corrosion Mg_2.png> <./figures/Imaging/recon-filt-reslice-left.png> <./figures/Imaging/Neutron scan.jpg>]) (./chapters/Atmospheric corrosion/03_Simulated MgO layers.tex
<figures/IC_scale.jpg, id=349, 1274.7625pt x 722.7pt>
File: figures/IC_scale.jpg Graphic file (type jpg)
<use figures/IC_scale.jpg>
Package pdftex.def Info: figures/IC_scale.jpg  used on input line 8.
(pdftex.def)             Requested size: 225.34587pt x 127.75357pt.


Package nag Warning: \label in float, but not after \caption on input line 10.

<figures/IC closeup_scale.jpg, id=350, 1828.8325pt x 1828.8325pt>
File: figures/IC closeup_scale.jpg Graphic file (type jpg)
<use figures/IC closeup_scale.jpg>
Package pdftex.def Info: figures/IC closeup_scale.jpg  used on input line 15.
(pdftex.def)             Requested size: 180.27394pt x 180.27083pt.
[16 <./figures/IC_scale.jpg> <./figures/IC closeup_scale.jpg>]
<figures/corrosion/Hydromagnesite/Neutrons and Photons/+F6.jpg, id=362, 1124.2pt x 843.15pt>
File: figures/corrosion/Hydromagnesite/Neutrons and Photons/+F6.jpg Graphic file (type jpg)
<use figures/corrosion/Hydromagnesite/Neutrons and Photons/+F6.jpg>
Package pdftex.def Info: figures/corrosion/Hydromagnesite/Neutrons and Photons/+F6.jpg  used on input line 54.
(pdftex.def)             Requested size: 360.55476pt x 270.41818pt.


LaTeX Warning: `!h' float specifier changed to `!ht'.

[17] [18 <./figures/corrosion/Hydromagnesite/Neutrons and Photons/+F6.jpg>]
<figures/corrosion/Hydromagnesite/Neutrons and Photons/Energy deposition.jpg, id=375, 1124.2pt x 843.15pt>
File: figures/corrosion/Hydromagnesite/Neutrons and Photons/Energy deposition.jpg Graphic file (type jpg)
<use figures/corrosion/Hydromagnesite/Neutrons and Photons/Energy deposition.jpg>
Package pdftex.def Info: figures/corrosion/Hydromagnesite/Neutrons and Photons/Energy deposition.jpg  used on input line 65.
(pdftex.def)             Requested size: 360.55476pt x 270.41818pt.
<figures/corrosion/Hydromagnesite/Neutrons and Photons/neutrons.jpg, id=377, 1124.2pt x 843.15pt>
File: figures/corrosion/Hydromagnesite/Neutrons and Photons/neutrons.jpg Graphic file (type jpg)
<use figures/corrosion/Hydromagnesite/Neutrons and Photons/neutrons.jpg>
Package pdftex.def Info: figures/corrosion/Hydromagnesite/Neutrons and Photons/neutrons.jpg  used on input line 95.
(pdftex.def)             Requested size: 360.55476pt x 270.41818pt.
 [19 <./figures/corrosion/Hydromagnesite/Neutrons and Photons/Energy deposition.jpg>] [20 <./figures/corrosion/Hydromagnesite/Neutrons and Photons/neutrons.jpg>]

Package nag Warning: Command \centerline is TeX. 
(nag)                Use \centering or center environment instead on input line 106.

<figures/corrosion/Hydromagnesite/Neutrons and Photons/electrons vs protons.jpg, id=391, 2730.2pt x 1258.7025pt>
File: figures/corrosion/Hydromagnesite/Neutrons and Photons/electrons vs protons.jpg Graphic file (type jpg)
<use figures/corrosion/Hydromagnesite/Neutrons and Photons/electrons vs protons.jpg>
Package pdftex.def Info: figures/corrosion/Hydromagnesite/Neutrons and Photons/electrons vs protons.jpg  used on input line 106.
(pdftex.def)             Requested size: 549.84447pt x 253.48381pt.
[21

 <./figures/corrosion/Hydromagnesite/Neutrons and Photons/electrons vs protons.jpg>]
<figures/corrosion/Hydromagnesite/Neutrons/+F6.jpg, id=398, 1124.2pt x 843.15pt>
File: figures/corrosion/Hydromagnesite/Neutrons/+F6.jpg Graphic file (type jpg)
<use figures/corrosion/Hydromagnesite/Neutrons/+F6.jpg>
Package pdftex.def Info: figures/corrosion/Hydromagnesite/Neutrons/+F6.jpg  used on input line 124.
(pdftex.def)             Requested size: 360.55476pt x 270.41818pt.
 [22

 <./figures/corrosion/Hydromagnesite/Neutrons/+F6.jpg>]
<figures/corrosion/Hydromagnesite/Neutrons/energy deposition.jpg, id=405, 562.1pt x 421.575pt>
File: figures/corrosion/Hydromagnesite/Neutrons/energy deposition.jpg Graphic file (type jpg)
<use figures/corrosion/Hydromagnesite/Neutrons/energy deposition.jpg>
Package pdftex.def Info: figures/corrosion/Hydromagnesite/Neutrons/energy deposition.jpg  used on input line 136.
(pdftex.def)             Requested size: 360.55476pt x 270.41818pt.


Package nag Warning: Command \centerline is TeX. 
(nag)                Use \centering or center environment instead on input line 164.

<figures/corrosion/Hydromagnesite/Neutrons/neutrons.jpg, id=406, 1124.2pt x 843.15pt>
File: figures/corrosion/Hydromagnesite/Neutrons/neutrons.jpg Graphic file (type jpg)
<use figures/corrosion/Hydromagnesite/Neutrons/neutrons.jpg>
Package pdftex.def Info: figures/corrosion/Hydromagnesite/Neutrons/neutrons.jpg  used on input line 164.
(pdftex.def)             Requested size: 360.55476pt x 270.41818pt.

Underfull \hbox (badness 3088) in paragraph at lines 165--165
[][][]|\T1/pplx/m/n/12 (+20) Sim-u-la-tion of PTW TM33054 with a 0.37 $[]$ thick layer of
 []

[23 <./figures/corrosion/Hydromagnesite/Neutrons/energy deposition.jpg>] [24 <./figures/corrosion/Hydromagnesite/Neutrons/neutrons.jpg>]

Package nag Warning: Command \centerline is TeX. 
(nag)                Use \centering or center environment instead on input line 174.

<figures/corrosion/Hydromagnesite/Neutrons/electrons vs protons.jpg, id=418, 2726.185pt x 1336.995pt>
File: figures/corrosion/Hydromagnesite/Neutrons/electrons vs protons.jpg Graphic file (type jpg)
<use figures/corrosion/Hydromagnesite/Neutrons/electrons vs protons.jpg>
Package pdftex.def Info: figures/corrosion/Hydromagnesite/Neutrons/electrons vs protons.jpg  used on input line 174.
(pdftex.def)             Requested size: 549.84447pt x 269.65875pt.

Underfull \hbox (badness 3088) in paragraph at lines 175--175
[][][]|\T1/pplx/m/n/12 (+20) Sim-u-la-tion of PTW TM33054 with a 0.37 $[]$ thick layer of
 []

)) (./chapters/04_Build-up effect in materials.tex [25

 <./figures/corrosion/Hydromagnesite/Neutrons/electrons vs protons.jpg>] [26


]
chapter 4.
(./chapters/Build-up effect in materials/Calibration.tex
Overfull \hbox (7.1166pt too wide) in paragraph at lines 10--11
\T1/pplx/m/n/12 (-20) mea-sure-ment, $\OML/zplm/m/it/12 k[]$ \T1/pplx/m/n/12 (-20) is the en-vi-ron-men-tal cor-rec-tion fac-tor for the pres-sure and tem-per-a-ture
 []


Overfull \hbox (15.10541pt too wide) in paragraph at lines 19--22
[]\T1/pplx/m/n/12 (-20) The tem-per-a-ture and at-mo-spheric pres-sure have been mea-sured for ev-ery mea-sure-ment
 []

[27]

Package siunitx Warning: Unit macro \bar has been deprecated in this release.
(siunitx)                
(siunitx)                The BIPM have removed this unit from the SI Brochure.
(siunitx)                You should define it yourself using \DeclareSIUnit in
(siunitx)                your source. The current definition is
(siunitx)                
(siunitx)                \DeclareSIUnit\bar{bar}

<figures/Build-up effect/PTW.jpeg, id=448, 971.3088pt x 728.4816pt>
File: figures/Build-up effect/PTW.jpeg Graphic file (type jpg)
<use figures/Build-up effect/PTW.jpeg>
Package pdftex.def Info: figures/Build-up effect/PTW.jpeg  used on input line 47.
(pdftex.def)             Requested size: 315.48283pt x 236.6092pt.

Package nag Warning: table with no \caption on input line 74.


LaTeX Warning: `!h' float specifier changed to `!ht'.


LaTeX Warning: `!h' float specifier changed to `!ht'.


Package nag Warning: table with no \caption on input line 108.


LaTeX Warning: `!h' float specifier changed to `!ht'.


LaTeX Warning: `!h' float specifier changed to `!ht'.

[28

 <./figures/Build-up effect/PTW.jpeg>]

LaTeX Warning: Text page 29 contains only floats.

[29]
<figures/Build-up effect/Comparison k.jpg, id=463, 1192.455pt x 1003.75pt>
File: figures/Build-up effect/Comparison k.jpg Graphic file (type jpg)
<use figures/Build-up effect/Comparison k.jpg>
Package pdftex.def Info: figures/Build-up effect/Comparison k.jpg  used on input line 178.
(pdftex.def)             Requested size: 360.55476pt x 303.48598pt.
 [30

 <./figures/Build-up effect/Comparison k.jpg>])
<figures/Build-up effect/cross section neutrons.png, id=475, 1317.92375pt x 575.14874pt>
File: figures/Build-up effect/cross section neutrons.png Graphic file (type png)
<use figures/Build-up effect/cross section neutrons.png>
Package pdftex.def Info: figures/Build-up effect/cross section neutrons.png  used on input line 14.
(pdftex.def)             Requested size: 405.61981pt x 177.01295pt.
 (./chapters/Build-up effect in materials/Cylinder simulations.tex [31 <./figures/Build-up effect/cross section neutrons.png>] (./chapters/Build-up effect in materials/A150.tex
<figures/Build-up effect/TE cylinder with plane source.jpg, id=486, 1124.2pt x 843.15pt>
File: figures/Build-up effect/TE cylinder with plane source.jpg Graphic file (type jpg)
<use figures/Build-up effect/TE cylinder with plane source.jpg>
Package pdftex.def Info: figures/Build-up effect/TE cylinder with plane source.jpg  used on input line 7.
(pdftex.def)             Requested size: 360.55759pt x 256.07324pt.
) (./chapters/Build-up effect in materials/Magnesium.tex
<figures/Build-up effect/Mg cylinder only.jpg, id=487, 1124.2pt x 843.15pt>
File: figures/Build-up effect/Mg cylinder only.jpg Graphic file (type jpg)
<use figures/Build-up effect/Mg cylinder only.jpg>
Package pdftex.def Info: figures/Build-up effect/Mg cylinder only.jpg  used on input line 7.
(pdftex.def)             Requested size: 360.55476pt x 270.41818pt.


Package nag Warning: \label in float, but not after \caption on input line 8.

[32 <./figures/Build-up effect/TE cylinder with plane source.jpg>] [33 <./figures/Build-up effect/Mg cylinder only.jpg>]
<figures/Build-up effect/Mg cylinder only - detail.jpg, id=500, 1124.2pt x 843.15pt>
File: figures/Build-up effect/Mg cylinder only - detail.jpg Graphic file (type jpg)
<use figures/Build-up effect/Mg cylinder only - detail.jpg>
Package pdftex.def Info: figures/Build-up effect/Mg cylinder only - detail.jpg  used on input line 21.
(pdftex.def)             Requested size: 360.55476pt x 270.41818pt.
 [34 <./figures/Build-up effect/Mg cylinder only - detail.jpg>]
<figures/Build-up effect/cross section of Mg.png, id=506, 862.22125pt x 807.015pt>
File: figures/Build-up effect/cross section of Mg.png Graphic file (type png)
<use figures/Build-up effect/cross section of Mg.png>
Package pdftex.def Info: figures/Build-up effect/cross section of Mg.png  used on input line 34.
(pdftex.def)             Requested size: 360.55168pt x 256.07048pt.
))) (./chapters/05_Check source.tex [35 <./figures/Build-up effect/cross section of Mg.png>] [36


]
chapter 5.
(./chapters/Simulated check source/Simulated check source.tex

Package hyperref Warning: Token not allowed in a PDF string (Unicode):
(hyperref)                removing `\mhchem@cee' on input line 2.


Package hyperref Warning: Token not allowed in a PDF string (Unicode):
(hyperref)                removing `superscript' on input line 2.

(./chapters/Simulated check source/Sr-90 as a source.tex
<figures/Sr90_decay.png, id=519, 635.4942pt x 460.6008pt>
File: figures/Sr90_decay.png Graphic file (type png)
<use figures/Sr90_decay.png>
Package pdftex.def Info: figures/Sr90_decay.png  used on input line 7.
(pdftex.def)             Requested size: 254.19318pt x 184.23705pt.
 [37 <./figures/Sr90_decay.png>]
<figures/Sr90-sketch.png, id=533, 696.6025pt x 654.445pt>
File: figures/Sr90-sketch.png Graphic file (type png)
<use figures/Sr90-sketch.png>
Package pdftex.def Info: figures/Sr90-sketch.png  used on input line 22.
(pdftex.def)             Requested size: 174.15019pt x 163.61084pt.
<figures/sr-90.PNG, id=534, 530.73282pt x 480.29437pt>
File: figures/sr-90.PNG Graphic file (type png)
<use figures/sr-90.PNG>
Package pdftex.def Info: figures/sr-90.PNG  used on input line 29.
(pdftex.def)             Requested size: 132.68288pt x 120.07329pt.

Overfull \hbox (1.46078pt too wide) in paragraph at lines 38--39
[]\T1/pplx/m/n/12 (-20) The ma-te-ri-als are de-fined con-form with the stan-dard es-tab-lished by the com-pendium
 []

) [38 <./figures/Sr90-sketch.png> <./figures/sr-90.PNG>] (./chapters/Simulated check source/Calculation of activity.tex [39]) (./chapters/Simulated check source/Sampling of the emission spectra.tex
<figures/sr-90 decay spectrum.PNG, id=570, 184.43906pt x 213.79875pt>
File: figures/sr-90 decay spectrum.PNG Graphic file (type png)
<use figures/sr-90 decay spectrum.PNG>
Package pdftex.def Info: figures/sr-90 decay spectrum.PNG  used on input line 8.
(pdftex.def)             Requested size: 110.66428pt x 128.28023pt.
<figures/Y-90 decay spectrum.PNG, id=571, 194.97844pt x 208.52907pt>
File: figures/Y-90 decay spectrum.PNG Graphic file (type png)
<use figures/Y-90 decay spectrum.PNG>
Package pdftex.def Info: figures/Y-90 decay spectrum.PNG  used on input line 15.
(pdftex.def)             Requested size: 116.98795pt x 125.1184pt.

Overfull \hbox (53.93326pt too wide) in paragraph at lines 5--19
[]  []   [] 
 []

[40 <./figures/sr-90 decay spectrum.PNG> <./figures/Y-90 decay spectrum.PNG>]
Overfull \hbox (1.62517pt too wide) in paragraph at lines 25--26
[]\T1/pplx/m/n/12 (-20) Once each sim-u-la-tion com-pletes, the data for the par-ti-cle flux and for the de-pen-dence
 []


Package nag Warning: \label in float, but not after \caption on input line 55.


Package nag Warning: \label in float, but not after \caption on input line 86.


Underfull \vbox (badness 6493) has occurred while \output is active []

 [41]) (./chapters/Simulated check source/Setting up the source.tex
<figures/sr-90_full_setup.PNG, id=595, 318.43968pt x 212.29312pt>
File: figures/sr-90_full_setup.PNG Graphic file (type png)
<use figures/sr-90_full_setup.PNG>
Package pdftex.def Info: figures/sr-90_full_setup.PNG  used on input line 5.
(pdftex.def)             Requested size: 286.59306pt x 191.06204pt.
 [42 <./figures/sr-90_full_setup.PNG>]
<figures/void_setup.png, id=602, 528.47438pt x 329.73187pt>
File: figures/void_setup.png Graphic file (type png)
<use figures/void_setup.png>
Package pdftex.def Info: figures/void_setup.png  used on input line 22.
(pdftex.def)             Requested size: 369.92953pt x 230.81071pt.
) (./chapters/Simulated check source/Bremsstrahlung.tex
Underfull \vbox (badness 10000) has occurred while \output is active []

 [43

 <./figures/void_setup.png>] [44]
<figures/Sr in VOID normalized to activity.jpg, id=616, 562.1pt x 421.575pt>
File: figures/Sr in VOID normalized to activity.jpg Graphic file (type jpg)
<use figures/Sr in VOID normalized to activity.jpg>
Package pdftex.def Info: figures/Sr in VOID normalized to activity.jpg  used on input line 19.
(pdftex.def)             Requested size: 224.83601pt x 168.627pt.


Package nag Warning: \label in float, but not after \caption on input line 21.


Package nag Warning: \label in float, but not after \caption on input line 21.


Overfull \hbox (25.66673pt too wide) in paragraph at lines 19--22
[][]
 []

<figures/Y in VOID normalized to activity.jpg, id=617, 562.1pt x 421.575pt>
File: figures/Y in VOID normalized to activity.jpg Graphic file (type jpg)
<use figures/Y in VOID normalized to activity.jpg>
Package pdftex.def Info: figures/Y in VOID normalized to activity.jpg  used on input line 26.
(pdftex.def)             Requested size: 224.83601pt x 168.627pt.

Package nag Warning: \label in float, but not after \caption on input line 28.


Package nag Warning: \label in float, but not after \caption on input line 28.


Overfull \hbox (196.38327pt too wide) in paragraph at lines 26--29
[][]
 []

[45

 <./figures/Sr in VOID normalized to activity.jpg> <./figures/Y in VOID normalized to activity.jpg>]
<figures/Sr in air.jpg, id=625, 562.1pt x 421.575pt>
File: figures/Sr in air.jpg Graphic file (type jpg)
<use figures/Sr in air.jpg>
Package pdftex.def Info: figures/Sr in air.jpg  used on input line 47.
(pdftex.def)             Requested size: 236.08038pt x 177.06029pt.


Package nag Warning: \label in float, but not after \caption on input line 49.


Package nag Warning: \label in float, but not after \caption on input line 49.


Overfull \hbox (36.9111pt too wide) in paragraph at lines 47--50
[][]
 []

<figures/Y in air.jpg, id=626, 575.14874pt x 443.6575pt>
File: figures/Y in air.jpg Graphic file (type jpg)
<use figures/Y in air.jpg>
Package pdftex.def Info: figures/Y in air.jpg  used on input line 54.
(pdftex.def)             Requested size: 230.05542pt x 177.45984pt.

Package nag Warning: \label in float, but not after \caption on input line 56.


Package nag Warning: \label in float, but not after \caption on input line 56.


Overfull \hbox (201.60268pt too wide) in paragraph at lines 54--57
[][]
 []

[46

 <./figures/Sr in air.jpg> <./figures/Y in air.jpg>]
<figures/Sr BS spectrum.png, id=637, 376.40625pt x 201.75375pt>
File: figures/Sr BS spectrum.png Graphic file (type png)
<use figures/Sr BS spectrum.png>
Package pdftex.def Info: figures/Sr BS spectrum.png  used on input line 76.
(pdftex.def)             Requested size: 225.84547pt x 121.05318pt.


Package nag Warning: \label in float, but not after \caption on input line 78.


Package nag Warning: \label in float, but not after \caption on input line 78.


Overfull \hbox (55.12895pt too wide) in paragraph at lines 76--79
[][]
 []

<figures/Y BS spectrum.png, id=638, 376.40625pt x 202.50656pt>
File: figures/Y BS spectrum.png Graphic file (type png)
<use figures/Y BS spectrum.png>
Package pdftex.def Info: figures/Y BS spectrum.png  used on input line 83.
(pdftex.def)             Requested size: 227.7236pt x 122.51529pt.

Package nag Warning: \label in float, but not after \caption on input line 85.


Package nag Warning: \label in float, but not after \caption on input line 85.


Overfull \hbox (199.27086pt too wide) in paragraph at lines 83--86
[][]
 []

)
Overfull \hbox (4.987pt too wide) in paragraph at lines 95--16
[]\T1/pplx/m/n/12 (-20) Finally, the check source is con-fig-ured in MCNP ac-cord-ing the prob-a-bil-i-ties cal-cu-lated
 []

(./chapters/Simulated check source/Electron simulation.tex [47 <./figures/Sr BS spectrum.png> <./figures/Y BS spectrum.png>]
<figures/check source/+f6.jpg, id=645, 1124.2pt x 843.15pt>
File: figures/check source/+f6.jpg Graphic file (type jpg)
<use figures/check source/+f6.jpg>
Package pdftex.def Info: figures/check source/+f6.jpg  used on input line 8.
(pdftex.def)             Requested size: 359.75136pt x 269.8135pt.
))) (./pages/conclusions 2.tex [48

 <./figures/check source/+f6.jpg>]
chapter 6.
) [49


] (./pages/acknowledgments.tex [50] [51


] [52


])
Package tocbasic Info: character protrusion at lof deactivated on input line 56.
 (./BEMP_Thesis_of_Manuel_Galdon.lof
Overfull \hbox (12.95506pt too wide) in paragraph at lines 11--11
 [][] [][]\T1/pplx/m/n/12 (-20) Simulation of PTW TM33054 with a 0.37 $[]$ thick layer of hy-dro-mag-ne-site 
 []


Overfull \hbox (12.95506pt too wide) in paragraph at lines 14--14
 [][] [][]\T1/pplx/m/n/12 (-20) Simulation of PTW TM33054 with a 0.37 $[]$ thick layer of hy-dro-mag-ne-site 
 []


Overfull \hbox (12.95506pt too wide) in paragraph at lines 15--15
 [][] [][]\T1/pplx/m/n/12 (-20) Simulation of PTW TM33054 with a 0.37 $[]$ thick layer of hy-dro-mag-ne-site 
 []


Overfull \hbox (12.95506pt too wide) in paragraph at lines 17--17
 [][] [][]\T1/pplx/m/n/12 (-20) Simulation of PTW TM33054 with a 0.37 $[]$ thick layer of hy-dro-mag-ne-site 
 []


Overfull \hbox (12.95506pt too wide) in paragraph at lines 18--18
 [][] [][]\T1/pplx/m/n/12 (-20) Simulation of PTW TM33054 with a 0.37 $[]$ thick layer of hy-dro-mag-ne-site 
 []

[53


])
\tf@lof=\write5
\openout5 = `BEMP_Thesis_of_Manuel_Galdon.lof'.

 [54]
Package tocbasic Info: character protrusion at lot deactivated on input line 57.
 (./BEMP_Thesis_of_Manuel_Galdon.lot)
\tf@lot=\write6
\openout6 = `BEMP_Thesis_of_Manuel_Galdon.lot'.

 (./BEMP_Thesis_of_Manuel_Galdon.bbl [55


] [56


]
chapter without number
Package microtype Info: Loading generic protrusion settings for font family
(microtype)             `cmtt' (encoding: T1).
(microtype)             For optimal results, create family-specific settings.
(microtype)             See the microtype manual for details.

Underfull \hbox (badness 2990) in paragraph at lines 52--55
[]\T1/pplx/m/n/12 (+20) Forschungszentrum Jülich: Mlz garch-ing - ra-dio-ther-apy and bi-ol-ogy
 []

[57]
Underfull \hbox (badness 1337) in paragraph at lines 100--102
[]\T1/pplx/m/n/12 (+20) Wagner, F.M., Bre-itkreutz, H., Loeper-Kabasakal, B., Specht, H.: Fast
 []

)

Package nag Warning: 21 complaints in total.

[58] (./BEMP_Thesis_of_Manuel_Galdon.aux)
 ***********
LaTeX2e <2025-11-01>
L3 programming layer <2026-05-15>
 ***********


LaTeX Warning: There were multiply-defined labels.

 ) 
Here is how much of TeX's memory you used:
 50619 strings out of 469259
 1194789 string characters out of 5462653
 1890782 words of memory out of 5000000
 77893 multiletter control sequences out of 15000+600000
 713883 words of font info for 501 fonts, out of 8000000 for 9000
 36 hyphenation exceptions out of 8191
 108i,20n,107p,11230b,1352s stack positions out of 10000i,1000n,20000p,200000b,200000s
 </Users/galdon/Library/TinyTeX/texmf-var/fonts/pk/ljfour/jknappen/ec/ectt1200.600pk></Users/galdon/Library/TinyTeX/texmf-dist/fonts/type1/public/amsfonts/cm/cmmi10.pfb></Users/galdon/Library/TinyTeX/texmf-dist/fonts/type1/public/amsfonts/cm/cmr10.pfb></Users/galdon/Library/TinyTeX/texmf-dist/fonts/type1/public/amsfonts/cm/cmsy10.pfb></Users/galdon/Library/TinyTeX/texmf-dist/fonts/type1/public/mathpazo/fplmbi.pfb></Users/galdon/Library/TinyTeX/texmf-dist/fonts/type1/public/mathpazo/fplmr.pfb></Users/galdon/Library/TinyTeX/texmf-dist/fonts/type1/public/mathpazo/fplmri.pfb></Users/galdon/Library/TinyTeX/texmf-dist/fonts/type1/urw/palatino/uplb8a.pfb></Users/galdon/Library/TinyTeX/texmf-dist/fonts/type1/urw/palatino/uplbi8a.pfb></Users/galdon/Library/TinyTeX/texmf-dist/fonts/type1/urw/palatino/uplr8a.pfb></Users/galdon/Library/TinyTeX/texmf-dist/fonts/type1/urw/palatino/uplri8a.pfb>
Output written on BEMP_Thesis_of_Manuel_Galdon.pdf (68 pages, 8931300 bytes).
PDF statistics:
 1056 PDF objects out of 1200 (max. 8388607)
 851 compressed objects within 9 object streams
 205 named destinations out of 1000 (max. 500000)
 111664 words of extra memory for PDF output out of 128383 (max. 10000000)

