This is pdfTeX, Version 3.141592653-2.6-1.40.29 (TeX Live 2026) (preloaded format=pdflatex 2026.5.28)  17 JUN 2026 17:18
entering extended mode
 restricted \write18 enabled.
 file:line:error style messages enabled.
 %&-line parsing enabled.
**"/Users/galdon/BEMP_Thesis/Master Thesis/main.tex"
(/Users/galdon/BEMP_Thesis/Master Thesis/main.tex
LaTeX2e <2025-11-01>
L3 programming layer <2026-05-15>

! LaTeX Error: File `nag.sty' not found.

Type X to quit or <RETURN> to proceed,
or enter new name. (Default extension: sty)

Enter file name: 
/Users/galdon/BEMP_Thesis/Master Thesis/main.tex:2: Emergency stop.
<read *> 
         
l.2 ^^M
       
*** (cannot \read from terminal in nonstop modes)

 
Here is how much of TeX's memory you used:
 20 strings out of 469287
 512 string characters out of 5464143
 435165 words of memory out of 5000000
 28964 multiletter control sequences out of 15000+600000
 627721 words of font info for 40 fonts, out of 8000000 for 9000
 36 hyphenation exceptions out of 8191
 19i,0n,29p,119b,17s stack positions out of 10000i,1000n,20000p,200000b,200000s
/Users/galdon/BEMP_Thesis/Master Thesis/main.tex:2:  ==> Fatal error occurred, no output PDF file produced!
